INFO: 2019-07-11 09:01:35.080407: Train started
INFO: 2019-07-11 09:01:35.084768: Squeezenet with Adam optimizer, LR=1e-4, batch_size=32, epochs=150
INFO: 2019-07-11 09:04:18.827941: Epoch: 0/150 Step: 30/97 Loss: 1.46330961783727
INFO: 2019-07-11 09:06:51.613729: Epoch: 0/150 Step: 60/97 Loss: 1.1663328131039938
INFO: 2019-07-11 09:09:23.604627: Epoch: 0/150 Step: 90/97 Loss: 1.0919456322987873
INFO: 2019-07-11 09:11:20.828762: Epoch: 20 val loss : 1.091164785272935; val acc: 0.5441176295280457
INFO: 2019-07-11 09:11:20.836683: Kappa :
 0.6891615986824036
INFO: 2019-07-11 09:11:20.846437: Epoch time: 585.76
INFO: 2019-07-11 09:13:56.637179: Epoch: 1/150 Step: 30/97 Loss: 1.208798889319102
INFO: 2019-07-11 09:16:32.221778: Epoch: 1/150 Step: 60/97 Loss: 0.9926575938860575
INFO: 2019-07-11 09:19:09.585889: Epoch: 1/150 Step: 90/97 Loss: 0.8816138327121734
INFO: 2019-07-11 09:21:13.994873: Epoch: 21 val loss : 1.0133124344489153; val acc: 0.5496323704719543
INFO: 2019-07-11 09:21:14.001338: Kappa :
 0.7501541376113892
INFO: 2019-07-11 09:21:14.007290: Epoch time: 592.90
INFO: 2019-07-11 09:24:06.272139: Epoch: 2/150 Step: 30/97 Loss: 1.0650714099407197
INFO: 2019-07-11 09:26:59.496801: Epoch: 2/150 Step: 60/97 Loss: 0.8714281340440115
INFO: 2019-07-11 09:29:49.479113: Epoch: 2/150 Step: 90/97 Loss: 0.864097625017166
INFO: 2019-07-11 09:31:54.916358: Epoch: 22 val loss : 0.905545290778665; val acc: 0.6194853186607361
INFO: 2019-07-11 09:31:54.920201: Kappa :
 0.7428742051124573
INFO: 2019-07-11 09:31:54.925921: Epoch time: 640.69
INFO: 2019-07-11 09:34:45.948344: Epoch: 3/150 Step: 30/97 Loss: 0.9607379277547202
INFO: 2019-07-11 09:37:34.605228: Epoch: 3/150 Step: 60/97 Loss: 0.7745415170987447
INFO: 2019-07-11 09:40:09.492798: Epoch: 3/150 Step: 90/97 Loss: 0.7268660684426623
INFO: 2019-07-11 09:42:03.845979: Epoch: 23 val loss : 0.9328073052799001; val acc: 0.6433823704719543
INFO: 2019-07-11 09:42:04.054876: Kappa :
 0.7733448147773743
INFO: 2019-07-11 09:42:04.060192: Epoch time: 608.89
INFO: 2019-07-11 09:44:47.357894: Epoch: 4/150 Step: 30/97 Loss: 0.8754243155320484
INFO: 2019-07-11 09:47:25.867099: Epoch: 4/150 Step: 60/97 Loss: 0.7496035834153492
INFO: 2019-07-11 09:50:01.570288: Epoch: 4/150 Step: 90/97 Loss: 0.757456745704015
INFO: 2019-07-11 09:52:00.607341: Epoch: 24 val loss : 0.9411120309549219; val acc: 0.6378676295280457
INFO: 2019-07-11 09:52:00.616543: Kappa :
 0.7472610473632812
INFO: 2019-07-11 09:52:00.624286: Epoch time: 596.33
INFO: 2019-07-11 09:54:47.874848: Epoch: 5/150 Step: 30/97 Loss: 0.8948584040006002
INFO: 2019-07-11 09:57:28.536079: Epoch: 5/150 Step: 60/97 Loss: 0.6655575265487034
INFO: 2019-07-11 10:00:00.685003: Epoch: 5/150 Step: 90/97 Loss: 0.74386554757754
INFO: 2019-07-11 10:02:00.673863: Epoch: 25 val loss : 0.9040577061036054; val acc: 0.6415441036224365
INFO: 2019-07-11 10:02:00.678237: Kappa :
 0.7980979084968567
INFO: 2019-07-11 10:02:00.681707: Epoch time: 599.85
INFO: 2019-07-11 10:04:45.004370: Epoch: 6/150 Step: 30/97 Loss: 0.8031725307305654
INFO: 2019-07-11 10:07:22.910669: Epoch: 6/150 Step: 60/97 Loss: 0.6017976333697638
INFO: 2019-07-11 10:09:57.504016: Epoch: 6/150 Step: 90/97 Loss: 0.6956850210825601
INFO: 2019-07-11 10:11:54.213209: Epoch: 26 val loss : 0.9114195529152366; val acc: 0.65625
INFO: 2019-07-11 10:11:54.215758: Kappa :
 0.7923324108123779
INFO: 2019-07-11 10:11:54.218002: Epoch time: 593.38
INFO: 2019-07-11 10:14:33.384694: Epoch: 7/150 Step: 30/97 Loss: 0.7969904601573943
INFO: 2019-07-11 10:16:58.520572: Epoch: 7/150 Step: 60/97 Loss: 0.5965052366256715
INFO: 2019-07-11 10:19:27.404869: Epoch: 7/150 Step: 90/97 Loss: 0.6528946856657661
INFO: 2019-07-11 10:21:25.612262: Epoch: 27 val loss : 0.9433315431370455; val acc: 0.6452205777168274
INFO: 2019-07-11 10:21:25.615436: Kappa :
 0.7758172750473022
INFO: 2019-07-11 10:21:25.618783: Epoch time: 571.20
INFO: 2019-07-11 10:24:08.499417: Epoch: 8/150 Step: 30/97 Loss: 0.8253011922041574
INFO: 2019-07-11 10:26:42.935798: Epoch: 8/150 Step: 60/97 Loss: 0.6773026804129283
INFO: 2019-07-11 10:29:11.047140: Epoch: 8/150 Step: 90/97 Loss: 0.6762235134840011
INFO: 2019-07-11 10:31:04.056558: Epoch: 28 val loss : 0.8333282365518457; val acc: 0.6893382668495178
INFO: 2019-07-11 10:31:04.060183: Kappa :
 0.8331416845321655
INFO: 2019-07-11 10:31:04.063943: Epoch time: 578.23
INFO: 2019-07-11 10:33:40.286034: Epoch: 9/150 Step: 30/97 Loss: 0.7799879272778828
INFO: 2019-07-11 10:36:12.699688: Epoch: 9/150 Step: 60/97 Loss: 0.6288346807161967
INFO: 2019-07-11 10:38:45.122481: Epoch: 9/150 Step: 90/97 Loss: 0.5705730676651002
INFO: 2019-07-11 10:40:40.949847: Epoch: 29 val loss : 0.8729327145744773; val acc: 0.685661792755127
INFO: 2019-07-11 10:40:40.956741: Kappa :
 0.8427221775054932
INFO: 2019-07-11 10:40:40.963100: Epoch time: 576.71
INFO: 2019-07-11 10:43:29.879857: Epoch: 10/150 Step: 30/97 Loss: 0.7652014255523683
INFO: 2019-07-11 10:46:03.124910: Epoch: 10/150 Step: 60/97 Loss: 0.690939038991928
INFO: 2019-07-11 10:48:33.094291: Epoch: 10/150 Step: 90/97 Loss: 0.6030872782071431
INFO: 2019-07-11 10:50:34.649682: Epoch: 30 val loss : 0.938635503544527; val acc: 0.6727941036224365
INFO: 2019-07-11 10:50:34.658506: Kappa :
 0.7943364381790161
INFO: 2019-07-11 10:50:34.665210: Epoch time: 593.49
