INFO: 2019-07-12 16:18:20.280739: Train started
INFO: 2019-07-12 16:18:20.285569: Squeezenet with Adam optimizer, LR=1e-4, batch_size=32, epochs=150
INFO: 2019-07-12 16:21:24.873876: Epoch: 0/150 Step: 30/97 Loss: 0.9183715571959815
INFO: 2019-07-12 16:24:23.604034: Epoch: 0/150 Step: 60/97 Loss: 0.7122019708156586
INFO: 2019-07-12 16:27:19.288868: Epoch: 0/150 Step: 90/97 Loss: 0.5945191313823065
ERROR: 2019-07-12 16:28:00.236983: Error: Dimension out of range (expected to be in range of [-1, 0], but got 1)
INFO: 2019-07-12 16:40:12.842420: Train started
INFO: 2019-07-12 16:40:12.850272: Squeezenet with Adam optimizer, LR=1e-4, batch_size=32, epochs=150
INFO: 2019-07-12 16:43:25.401927: Epoch: 0/150 Step: 30/97 Loss: 0.9574977119763692
INFO: 2019-07-12 16:46:34.477043: Epoch: 0/150 Step: 60/97 Loss: 0.7065890669822693
INFO: 2019-07-12 16:49:40.286178: Epoch: 0/150 Step: 90/97 Loss: 0.6160585224628449
INFO: 2019-07-12 16:51:58.479696: Epoch: 20 val loss : 0.6451680958271027; val acc: 0.7389705777168274
INFO: 2019-07-12 16:51:58.485726: Kappa :
 0.7757598161697388
INFO: 2019-07-12 16:51:58.489555: Epoch time: 705.63
INFO: 2019-07-12 16:55:16.789573: Epoch: 1/150 Step: 30/97 Loss: 0.7552676449219384
INFO: 2019-07-12 16:58:29.520510: Epoch: 1/150 Step: 60/97 Loss: 0.5535807847976685
INFO: 2019-07-12 17:01:35.975609: Epoch: 1/150 Step: 90/97 Loss: 0.4958222811420758
INFO: 2019-07-12 17:03:51.264324: Epoch: 21 val loss : 0.5636034230975544; val acc: 0.7904411554336548
INFO: 2019-07-12 17:03:51.275282: Kappa :
 0.8421579003334045
INFO: 2019-07-12 17:03:51.283345: Epoch time: 707.23
INFO: 2019-07-12 17:07:04.462337: Epoch: 2/150 Step: 30/97 Loss: 0.6427238941192627
INFO: 2019-07-12 17:10:22.055947: Epoch: 2/150 Step: 60/97 Loss: 0.4673244257767995
INFO: 2019-07-12 17:13:41.652026: Epoch: 2/150 Step: 90/97 Loss: 0.39752637992302586
