INFO: 2019-07-12 10:49:27.172862: Train started
INFO: 2019-07-12 10:49:27.182184: Squeezenet with Adam optimizer, LR=1e-4, batch_size=16, epochs=150
INFO: 2019-07-12 10:51:45.045879: Epoch: 0/150 Step: 30/194 Loss: 1.4932573397954303
INFO: 2019-07-12 10:54:00.624403: Epoch: 0/150 Step: 60/194 Loss: 1.3563018679618837
INFO: 2019-07-12 10:56:12.188729: Epoch: 0/150 Step: 90/194 Loss: 1.2649232943852742
INFO: 2019-07-12 10:58:26.956567: Epoch: 0/150 Step: 120/194 Loss: 1.1714057087898255
INFO: 2019-07-12 11:00:38.686645: Epoch: 0/150 Step: 150/194 Loss: 1.1087372064590455
INFO: 2019-07-12 11:02:50.442068: Epoch: 0/150 Step: 180/194 Loss: 1.0758877635002135
ERROR: 2019-07-12 11:03:58.945073: Error: CUDA out of memory. Tried to allocate 484.50 MiB (GPU 0; 10.91 GiB total capacity; 9.64 GiB already allocated; 321.38 MiB free; 303.08 MiB cached)
INFO: 2019-07-12 11:12:32.257379: Train started
INFO: 2019-07-12 11:12:32.261607: Squeezenet with Adam optimizer, LR=1e-4, batch_size=12, epochs=150
INFO: 2019-07-12 11:14:15.800394: Epoch: 0/150 Step: 30/259 Loss: 1.486974775791168
INFO: 2019-07-12 11:15:54.448952: Epoch: 0/150 Step: 60/259 Loss: 1.3241699496905008
INFO: 2019-07-12 11:17:31.715556: Epoch: 0/150 Step: 90/259 Loss: 1.3112129986286165
INFO: 2019-07-12 11:19:10.768326: Epoch: 0/150 Step: 120/259 Loss: 1.200196357568105
INFO: 2019-07-12 11:20:50.820793: Epoch: 0/150 Step: 150/259 Loss: 1.2409917195638025
INFO: 2019-07-12 11:22:35.091396: Epoch: 0/150 Step: 180/259 Loss: 1.2336408058802288
INFO: 2019-07-12 11:24:18.872396: Epoch: 0/150 Step: 210/259 Loss: 1.1997998118400575
INFO: 2019-07-12 11:26:03.238660: Epoch: 0/150 Step: 240/259 Loss: 1.20941669344902
INFO: 2019-07-12 11:29:31.247417: Epoch: 20 val loss : 1.1599639548195733; val acc: 0.48518529534339905
INFO: 2019-07-12 11:29:31.257439: Kappa :
 0.5874505043029785
INFO: 2019-07-12 11:29:31.265530: Epoch time: 1019.00
INFO: 2019-07-12 11:31:22.046545: Epoch: 1/150 Step: 30/259 Loss: 1.7981731235980989
INFO: 2019-07-12 11:33:04.748846: Epoch: 1/150 Step: 60/259 Loss: 1.1139110048611958
INFO: 2019-07-12 11:34:46.275289: Epoch: 1/150 Step: 90/259 Loss: 1.052588774760564
INFO: 2019-07-12 11:36:28.973674: Epoch: 1/150 Step: 120/259 Loss: 1.170138959089915
INFO: 2019-07-12 11:38:07.304773: Epoch: 1/150 Step: 150/259 Loss: 1.087117695808411
INFO: 2019-07-12 11:39:47.418940: Epoch: 1/150 Step: 180/259 Loss: 1.1184509694576263
INFO: 2019-07-12 11:41:25.391606: Epoch: 1/150 Step: 210/259 Loss: 0.9791050195693969
INFO: 2019-07-12 11:43:08.513302: Epoch: 1/150 Step: 240/259 Loss: 1.0324741204579673
INFO: 2019-07-12 11:46:24.015132: Epoch: 21 val loss : 1.0766237007247077; val acc: 0.5611111521720886
INFO: 2019-07-12 11:46:24.044153: Kappa :
 0.5234743356704712
INFO: 2019-07-12 11:46:24.052242: Epoch time: 1012.33
INFO: 2019-07-12 11:48:11.984620: Epoch: 2/150 Step: 30/259 Loss: 1.63687519232432
INFO: 2019-07-12 11:49:53.719512: Epoch: 2/150 Step: 60/259 Loss: 0.9597254296143851
INFO: 2019-07-12 11:51:29.579344: Epoch: 2/150 Step: 90/259 Loss: 0.9884549260139465
INFO: 2019-07-12 11:53:04.835206: Epoch: 2/150 Step: 120/259 Loss: 0.9914528171221417
INFO: 2019-07-12 11:54:42.165297: Epoch: 2/150 Step: 150/259 Loss: 0.9743962148825329
INFO: 2019-07-12 11:56:22.004054: Epoch: 2/150 Step: 180/259 Loss: 0.9817882676919301
INFO: 2019-07-12 11:58:02.488232: Epoch: 2/150 Step: 210/259 Loss: 0.9426436682542167
INFO: 2019-07-12 11:59:36.328161: Epoch: 2/150 Step: 240/259 Loss: 1.0074683288733164
INFO: 2019-07-12 12:02:48.163117: Epoch: 22 val loss : 1.1376210106743707; val acc: 0.5129629969596863
INFO: 2019-07-12 12:02:48.168293: Kappa :
 0.5559857487678528
INFO: 2019-07-12 12:02:48.174495: Epoch time: 983.87
INFO: 2019-07-12 12:04:32.836700: Epoch: 3/150 Step: 30/259 Loss: 1.496452674269675
INFO: 2019-07-12 12:06:08.448451: Epoch: 3/150 Step: 60/259 Loss: 0.9259791483481724
INFO: 2019-07-12 12:07:44.895878: Epoch: 3/150 Step: 90/259 Loss: 0.8410910556713739
INFO: 2019-07-12 12:09:20.274798: Epoch: 3/150 Step: 120/259 Loss: 0.8988745808601379
INFO: 2019-07-12 12:10:59.924248: Epoch: 3/150 Step: 150/259 Loss: 0.8895665089289347
INFO: 2019-07-12 12:12:38.064898: Epoch: 3/150 Step: 180/259 Loss: 0.891368798414866
INFO: 2019-07-12 12:14:16.422766: Epoch: 3/150 Step: 210/259 Loss: 0.8014231910308202
INFO: 2019-07-12 12:15:57.016353: Epoch: 3/150 Step: 240/259 Loss: 0.8449887037277221
INFO: 2019-07-12 12:19:11.781715: Epoch: 23 val loss : 0.8783493710888757; val acc: 0.6018519401550293
INFO: 2019-07-12 12:19:11.794943: Kappa :
 0.672376811504364
INFO: 2019-07-12 12:19:11.804859: Epoch time: 983.36
INFO: 2019-07-12 12:20:49.979189: Epoch: 4/150 Step: 30/259 Loss: 1.4623383045196532
INFO: 2019-07-12 12:22:29.028012: Epoch: 4/150 Step: 60/259 Loss: 0.8398657580216725
INFO: 2019-07-12 12:24:03.877162: Epoch: 4/150 Step: 90/259 Loss: 0.832179656624794
INFO: 2019-07-12 12:25:40.533620: Epoch: 4/150 Step: 120/259 Loss: 0.8904574433962505
