INFO: 2019-07-11 15:15:16.213453: Train started
INFO: 2019-07-11 15:15:16.230183: Squeezenet with Adam optimizer, LR=1e-4, batch_size=16, epochs=150
INFO: 2019-07-11 15:16:59.828650: Epoch: 0/150 Step: 30/194 Loss: 1.549259428183238
INFO: 2019-07-11 15:18:41.985580: Epoch: 0/150 Step: 60/194 Loss: 1.3973114848136898
INFO: 2019-07-11 15:20:24.643063: Epoch: 0/150 Step: 90/194 Loss: 1.343457472324371
INFO: 2019-07-11 15:22:10.164570: Epoch: 0/150 Step: 120/194 Loss: 1.293150323629379
INFO: 2019-07-11 15:23:54.376985: Epoch: 0/150 Step: 150/194 Loss: 1.2781895518302917
INFO: 2019-07-11 15:25:37.689225: Epoch: 0/150 Step: 180/194 Loss: 1.1909569144248962
INFO: 2019-07-11 15:28:01.708941: Epoch: 20 val loss : 1.2925432552309597; val acc: 0.44117647409439087
INFO: 2019-07-11 15:28:01.714702: Kappa :
 0.4961685538291931
INFO: 2019-07-11 15:28:01.719923: Epoch time: 765.49
INFO: 2019-07-11 15:29:45.920043: Epoch: 1/150 Step: 30/194 Loss: 1.701150474945704
INFO: 2019-07-11 15:31:26.761331: Epoch: 1/150 Step: 60/194 Loss: 1.1469935258229575
INFO: 2019-07-11 15:33:08.193589: Epoch: 1/150 Step: 90/194 Loss: 1.1467640896638234
INFO: 2019-07-11 15:34:46.937573: Epoch: 1/150 Step: 120/194 Loss: 1.155622845888138
INFO: 2019-07-11 15:36:23.594804: Epoch: 1/150 Step: 150/194 Loss: 1.176528167724609
INFO: 2019-07-11 15:38:01.483935: Epoch: 1/150 Step: 180/194 Loss: 1.1288761436939239
INFO: 2019-07-11 15:40:21.779118: Epoch: 21 val loss : 1.3515647071249344; val acc: 0.44117647409439087
INFO: 2019-07-11 15:40:21.785253: Kappa :
 0.4486570656299591
INFO: 2019-07-11 15:40:21.791695: Epoch time: 739.88
INFO: 2019-07-11 15:41:59.561130: Epoch: 2/150 Step: 30/194 Loss: 1.5592796405156453
INFO: 2019-07-11 15:43:38.149210: Epoch: 2/150 Step: 60/194 Loss: 1.1564857125282286
INFO: 2019-07-11 15:45:16.788562: Epoch: 2/150 Step: 90/194 Loss: 1.0486582159996034
INFO: 2019-07-11 15:46:57.501512: Epoch: 2/150 Step: 120/194 Loss: 1.0765630026658377
INFO: 2019-07-11 15:48:33.868890: Epoch: 2/150 Step: 150/194 Loss: 1.0725336134433745
INFO: 2019-07-11 15:50:07.080559: Epoch: 2/150 Step: 180/194 Loss: 0.9872133572896321
INFO: 2019-07-11 15:52:31.671501: Epoch: 22 val loss : 1.076353355365641; val acc: 0.5496323704719543
INFO: 2019-07-11 15:52:31.677469: Kappa :
 0.6196746230125427
INFO: 2019-07-11 15:52:31.682215: Epoch time: 729.61
INFO: 2019-07-11 15:54:22.049720: Epoch: 3/150 Step: 30/194 Loss: 1.4686606387297312
INFO: 2019-07-11 15:56:02.128768: Epoch: 3/150 Step: 60/194 Loss: 0.923511888583501
INFO: 2019-07-11 15:57:42.579000: Epoch: 3/150 Step: 90/194 Loss: 1.0203249911467234
INFO: 2019-07-11 15:59:21.087114: Epoch: 3/150 Step: 120/194 Loss: 1.018376769622167
INFO: 2019-07-11 16:00:55.319600: Epoch: 3/150 Step: 150/194 Loss: 0.9665378272533418
INFO: 2019-07-11 16:02:37.713861: Epoch: 3/150 Step: 180/194 Loss: 0.9984963476657869
INFO: 2019-07-11 16:05:05.886003: Epoch: 23 val loss : 1.238911560353111; val acc: 0.5238970518112183
INFO: 2019-07-11 16:05:05.891097: Kappa :
 0.5597984790802002
INFO: 2019-07-11 16:05:05.895713: Epoch time: 753.99
INFO: 2019-07-11 16:06:53.067520: Epoch: 4/150 Step: 30/194 Loss: 1.4040025830268859
INFO: 2019-07-11 16:08:42.918510: Epoch: 4/150 Step: 60/194 Loss: 0.8675211509068805
INFO: 2019-07-11 16:10:28.657946: Epoch: 4/150 Step: 90/194 Loss: 0.9399272640546164
INFO: 2019-07-11 16:12:12.222410: Epoch: 4/150 Step: 120/194 Loss: 0.8795392354329429
INFO: 2019-07-11 16:14:00.571288: Epoch: 4/150 Step: 150/194 Loss: 0.954076631863912
INFO: 2019-07-11 16:15:46.958727: Epoch: 4/150 Step: 180/194 Loss: 0.9285688738028208
INFO: 2019-07-11 16:18:41.336891: Epoch: 24 val loss : 1.0262323477688957; val acc: 0.5735294222831726
INFO: 2019-07-11 16:18:41.341633: Kappa :
 0.6410382986068726
INFO: 2019-07-11 16:18:41.344843: Epoch time: 815.04
INFO: 2019-07-11 16:21:24.167573: Epoch: 5/150 Step: 30/194 Loss: 1.4060855786005655
INFO: 2019-07-11 16:23:52.499520: Epoch: 5/150 Step: 60/194 Loss: 0.9334128201007844
INFO: 2019-07-11 16:25:46.383038: Epoch: 5/150 Step: 90/194 Loss: 0.9565829614798227
INFO: 2019-07-11 16:27:39.900954: Epoch: 5/150 Step: 120/194 Loss: 0.8770875523487726
INFO: 2019-07-11 16:29:26.399163: Epoch: 5/150 Step: 150/194 Loss: 0.9376290142536166
INFO: 2019-07-11 16:31:18.136144: Epoch: 5/150 Step: 180/194 Loss: 0.9143907984097799
INFO: 2019-07-11 16:33:51.894944: Epoch: 25 val loss : 0.9915482805055731; val acc: 0.5533088445663452
INFO: 2019-07-11 16:33:51.900943: Kappa :
 0.6571894288063049
INFO: 2019-07-11 16:33:51.905178: Epoch time: 910.35
INFO: 2019-07-11 16:36:09.454960: Epoch: 6/150 Step: 30/194 Loss: 1.2926657080650328
INFO: 2019-07-11 16:38:31.554459: Epoch: 6/150 Step: 60/194 Loss: 0.8006970783074696
INFO: 2019-07-11 16:40:51.792368: Epoch: 6/150 Step: 90/194 Loss: 0.8856173276901242
INFO: 2019-07-11 16:43:29.211143: Epoch: 6/150 Step: 120/194 Loss: 0.8295836826165516
INFO: 2019-07-11 16:46:14.593583: Epoch: 6/150 Step: 150/194 Loss: 0.7771113375822702
INFO: 2019-07-11 16:48:43.095642: Epoch: 6/150 Step: 180/194 Loss: 0.8729411999384561
INFO: 2019-07-11 16:52:13.535079: Epoch: 26 val loss : 1.0415843269404244; val acc: 0.5680146813392639
INFO: 2019-07-11 16:52:13.538843: Kappa :
 0.6631989479064941
INFO: 2019-07-11 16:52:13.542549: Epoch time: 1101.40
INFO: 2019-07-11 16:54:51.867508: Epoch: 7/150 Step: 30/194 Loss: 1.2601321339607237
INFO: 2019-07-11 16:57:23.350785: Epoch: 7/150 Step: 60/194 Loss: 0.7793149183193843
INFO: 2019-07-11 16:59:54.691047: Epoch: 7/150 Step: 90/194 Loss: 0.8555767774581909
INFO: 2019-07-11 17:02:06.206018: Epoch: 7/150 Step: 120/194 Loss: 0.8998175521691643
INFO: 2019-07-11 17:04:31.548664: Epoch: 7/150 Step: 150/194 Loss: 0.8743115524450935
INFO: 2019-07-11 17:06:46.568965: Epoch: 7/150 Step: 180/194 Loss: 0.8119380096594493
INFO: 2019-07-11 17:09:30.525278: Epoch: 27 val loss : 0.9999596932355095; val acc: 0.5422794222831726
INFO: 2019-07-11 17:09:30.535687: Kappa :
 0.6455506682395935
INFO: 2019-07-11 17:09:30.542690: Epoch time: 1036.80
INFO: 2019-07-11 17:11:42.797524: Epoch: 8/150 Step: 30/194 Loss: 1.1477837761243184
INFO: 2019-07-11 17:14:06.069841: Epoch: 8/150 Step: 60/194 Loss: 0.8138713836669921
INFO: 2019-07-11 17:16:28.343568: Epoch: 8/150 Step: 90/194 Loss: 0.7976744095484416
INFO: 2019-07-11 17:18:54.505459: Epoch: 8/150 Step: 120/194 Loss: 0.8220068415006001
INFO: 2019-07-11 17:21:14.919320: Epoch: 8/150 Step: 150/194 Loss: 0.8175735016663869
INFO: 2019-07-11 17:23:41.220171: Epoch: 8/150 Step: 180/194 Loss: 0.8601761559645333
INFO: 2019-07-11 17:27:26.487992: Epoch: 28 val loss : 1.1495045668938582; val acc: 0.5165441036224365
INFO: 2019-07-11 17:27:26.492423: Kappa :
 0.562832772731781
INFO: 2019-07-11 17:27:26.497347: Epoch time: 1075.70
INFO: 2019-07-11 17:29:35.839467: Epoch: 9/150 Step: 30/194 Loss: 1.1678906599680583
INFO: 2019-07-11 17:31:55.028001: Epoch: 9/150 Step: 60/194 Loss: 0.8121268153190611
INFO: 2019-07-11 17:34:04.655491: Epoch: 9/150 Step: 90/194 Loss: 0.8646935343742371
INFO: 2019-07-11 17:36:25.057311: Epoch: 9/150 Step: 120/194 Loss: 0.774499144156774
INFO: 2019-07-11 17:38:57.206823: Epoch: 9/150 Step: 150/194 Loss: 0.8290568828582764
INFO: 2019-07-11 17:41:13.761259: Epoch: 9/150 Step: 180/194 Loss: 0.7775878429412841
INFO: 2019-07-11 17:44:17.482080: Epoch: 29 val loss : 1.1277307061588062; val acc: 0.5533088445663452
INFO: 2019-07-11 17:44:17.485267: Kappa :
 0.5905191898345947
INFO: 2019-07-11 17:44:17.489183: Epoch time: 1010.79
INFO: 2019-07-11 17:46:37.108113: Epoch: 10/150 Step: 30/194 Loss: 1.1746732513109845
INFO: 2019-07-11 17:48:47.542137: Epoch: 10/150 Step: 60/194 Loss: 0.8622600972652434
INFO: 2019-07-11 17:50:54.265283: Epoch: 10/150 Step: 90/194 Loss: 0.8047130127747854
INFO: 2019-07-11 17:53:10.360840: Epoch: 10/150 Step: 120/194 Loss: 0.7758651534716291
INFO: 2019-07-11 17:55:23.764079: Epoch: 10/150 Step: 150/194 Loss: 0.7978034098943075
INFO: 2019-07-11 17:57:03.708685: Epoch: 10/150 Step: 180/194 Loss: 0.8195487827062606
INFO: 2019-07-11 17:59:28.315286: Epoch: 30 val loss : 0.9878553537761464; val acc: 0.6029411554336548
INFO: 2019-07-11 17:59:28.323476: Kappa :
 0.6556357741355896
INFO: 2019-07-11 17:59:28.330159: Epoch time: 910.62
INFO: 2019-07-11 18:01:03.416130: Epoch: 11/150 Step: 30/194 Loss: 1.1267530729373294
INFO: 2019-07-11 18:02:47.104376: Epoch: 11/150 Step: 60/194 Loss: 0.8316823303699494
INFO: 2019-07-11 18:04:17.958405: Epoch: 11/150 Step: 90/194 Loss: 0.8896001438299816
INFO: 2019-07-11 18:05:51.865414: Epoch: 11/150 Step: 120/194 Loss: 0.774639948209127
INFO: 2019-07-11 18:07:22.543580: Epoch: 11/150 Step: 150/194 Loss: 0.836565844217936
INFO: 2019-07-11 18:08:54.200794: Epoch: 11/150 Step: 180/194 Loss: 0.694467455148697
INFO: 2019-07-11 18:11:13.502249: Epoch: 31 val loss : 1.031200507107903; val acc: 0.5569853186607361
INFO: 2019-07-11 18:11:13.508780: Kappa :
 0.5873488783836365
INFO: 2019-07-11 18:11:13.514507: Epoch time: 704.98
INFO: 2019-07-11 18:12:52.735726: Epoch: 12/150 Step: 30/194 Loss: 1.068987289071083
INFO: 2019-07-11 18:14:24.222121: Epoch: 12/150 Step: 60/194 Loss: 0.822394053141276
INFO: 2019-07-11 18:15:55.190635: Epoch: 12/150 Step: 90/194 Loss: 0.7955794999996821
INFO: 2019-07-11 18:17:31.155007: Epoch: 12/150 Step: 120/194 Loss: 0.8461954255898795
INFO: 2019-07-11 18:18:59.721514: Epoch: 12/150 Step: 150/194 Loss: 0.7758766988913219
INFO: 2019-07-11 18:20:32.144133: Epoch: 12/150 Step: 180/194 Loss: 0.8238895833492279
INFO: 2019-07-11 18:22:42.577991: Epoch: 32 val loss : 1.0267322887392605; val acc: 0.5863970518112183
INFO: 2019-07-11 18:22:42.582783: Kappa :
 0.6388959884643555
INFO: 2019-07-11 18:22:42.590459: Epoch time: 688.85
INFO: 2019-07-11 18:24:19.982833: Epoch: 13/150 Step: 30/194 Loss: 1.1567578434944155
INFO: 2019-07-11 18:25:53.363658: Epoch: 13/150 Step: 60/194 Loss: 0.8655532161394754
INFO: 2019-07-11 18:27:27.553376: Epoch: 13/150 Step: 90/194 Loss: 0.8107759753863018
INFO: 2019-07-11 18:28:59.019365: Epoch: 13/150 Step: 120/194 Loss: 0.7146695325771968
INFO: 2019-07-11 18:30:30.529549: Epoch: 13/150 Step: 150/194 Loss: 0.7491589486598969
INFO: 2019-07-11 18:32:07.898490: Epoch: 13/150 Step: 180/194 Loss: 0.8266998986403148
INFO: 2019-07-11 18:34:17.840813: Epoch: 33 val loss : 1.0440186875707962; val acc: 0.5625
INFO: 2019-07-11 18:34:17.845125: Kappa :
 0.6329745650291443
INFO: 2019-07-11 18:34:17.848584: Epoch time: 695.04
INFO: 2019-07-11 18:35:54.708265: Epoch: 14/150 Step: 30/194 Loss: 1.1218895335992178
INFO: 2019-07-11 18:37:27.436025: Epoch: 14/150 Step: 60/194 Loss: 0.8126885881026588
INFO: 2019-07-11 18:39:01.000297: Epoch: 14/150 Step: 90/194 Loss: 0.7929786384105681
INFO: 2019-07-11 18:40:34.002956: Epoch: 14/150 Step: 120/194 Loss: 0.7920617798964182
INFO: 2019-07-11 18:42:03.574564: Epoch: 14/150 Step: 150/194 Loss: 0.7720528920491538
INFO: 2019-07-11 18:43:34.579839: Epoch: 14/150 Step: 180/194 Loss: 0.7338457008202872
INFO: 2019-07-11 18:45:48.112821: Epoch: 34 val loss : 1.039843434796614; val acc: 0.5808823704719543
INFO: 2019-07-11 18:45:48.116385: Kappa :
 0.6623542308807373
INFO: 2019-07-11 18:45:48.119807: Epoch time: 690.05
INFO: 2019-07-11 18:47:20.085345: Epoch: 15/150 Step: 30/194 Loss: 1.1547051548957827
INFO: 2019-07-11 18:48:52.673524: Epoch: 15/150 Step: 60/194 Loss: 0.742012540499369
INFO: 2019-07-11 18:50:34.373894: Epoch: 15/150 Step: 90/194 Loss: 0.783026603857676
INFO: 2019-07-11 18:52:12.401943: Epoch: 15/150 Step: 120/194 Loss: 0.7067952791849771
INFO: 2019-07-11 18:53:44.977116: Epoch: 15/150 Step: 150/194 Loss: 0.7646737992763518
INFO: 2019-07-11 18:55:17.868597: Epoch: 15/150 Step: 180/194 Loss: 0.7691009680430095
INFO: 2019-07-11 18:57:29.684962: Epoch: 35 val loss : 1.0617783297510708; val acc: 0.5882353186607361
INFO: 2019-07-11 18:57:29.689885: Kappa :
 0.6129602193832397
INFO: 2019-07-11 18:57:29.696029: Epoch time: 701.37
INFO: 2019-07-11 18:59:07.674711: Epoch: 16/150 Step: 30/194 Loss: 1.089059978723526
INFO: 2019-07-11 19:00:43.283164: Epoch: 16/150 Step: 60/194 Loss: 0.7761816233396529
INFO: 2019-07-11 19:02:12.223495: Epoch: 16/150 Step: 90/194 Loss: 0.7591490546862283
INFO: 2019-07-11 19:03:42.462615: Epoch: 16/150 Step: 120/194 Loss: 0.7763797014951707
INFO: 2019-07-11 19:05:13.196014: Epoch: 16/150 Step: 150/194 Loss: 0.7314688364664715
INFO: 2019-07-11 19:06:42.171232: Epoch: 16/150 Step: 180/194 Loss: 0.7393181254466374
INFO: 2019-07-11 19:08:53.189691: Epoch: 36 val loss : 1.0791652430506313; val acc: 0.5753676295280457
INFO: 2019-07-11 19:08:53.193985: Kappa :
 0.6077955365180969
INFO: 2019-07-11 19:08:53.198001: Epoch time: 683.26
INFO: 2019-07-11 19:10:29.549108: Epoch: 17/150 Step: 30/194 Loss: 1.0257728397846224
INFO: 2019-07-11 19:12:03.645124: Epoch: 17/150 Step: 60/194 Loss: 0.7640557746092478
INFO: 2019-07-11 19:13:34.908592: Epoch: 17/150 Step: 90/194 Loss: 0.7513189584016802
INFO: 2019-07-11 19:15:05.941685: Epoch: 17/150 Step: 120/194 Loss: 0.7652972439924878
INFO: 2019-07-11 19:16:37.926566: Epoch: 17/150 Step: 150/194 Loss: 0.7651872525612514
INFO: 2019-07-11 19:18:10.757974: Epoch: 17/150 Step: 180/194 Loss: 0.8056410014629365
INFO: 2019-07-11 19:20:23.691916: Epoch: 37 val loss : 1.085794697789585; val acc: 0.5220588445663452
INFO: 2019-07-11 19:20:23.696676: Kappa :
 0.5956414937973022
INFO: 2019-07-11 19:20:23.701722: Epoch time: 690.30
INFO: 2019-07-11 19:21:58.673144: Epoch: 18/150 Step: 30/194 Loss: 1.1529524207115174
INFO: 2019-07-11 19:23:29.240084: Epoch: 18/150 Step: 60/194 Loss: 0.8087266961733499
INFO: 2019-07-11 19:24:56.207381: Epoch: 18/150 Step: 90/194 Loss: 0.7993522107601168
INFO: 2019-07-11 19:26:31.295442: Epoch: 18/150 Step: 120/194 Loss: 0.7967641294002532
INFO: 2019-07-11 19:28:04.100609: Epoch: 18/150 Step: 150/194 Loss: 0.8368645151456195
INFO: 2019-07-11 19:29:32.414266: Epoch: 18/150 Step: 180/194 Loss: 0.8151359677314757
INFO: 2019-07-11 19:31:47.747253: Epoch: 38 val loss : 0.9454103427774766; val acc: 0.5992646813392639
INFO: 2019-07-11 19:31:47.752151: Kappa :
 0.7076728940010071
INFO: 2019-07-11 19:31:47.755989: Epoch time: 683.82
INFO: 2019-07-11 19:33:23.419342: Epoch: 19/150 Step: 30/194 Loss: 1.0953784714142483
INFO: 2019-07-11 19:34:50.784977: Epoch: 19/150 Step: 60/194 Loss: 0.7986286640167238
INFO: 2019-07-11 19:36:18.922539: Epoch: 19/150 Step: 90/194 Loss: 0.7274704655011495
INFO: 2019-07-11 19:37:54.362983: Epoch: 19/150 Step: 120/194 Loss: 0.7389676302671433
INFO: 2019-07-11 19:39:24.602498: Epoch: 19/150 Step: 150/194 Loss: 0.7611983060836791
INFO: 2019-07-11 19:40:54.637098: Epoch: 19/150 Step: 180/194 Loss: 0.7474773138761519
INFO: 2019-07-11 19:43:09.934273: Epoch: 39 val loss : 1.0571091736064238; val acc: 0.5716911554336548
INFO: 2019-07-11 19:43:09.938159: Kappa :
 0.6685265302658081
INFO: 2019-07-11 19:43:09.942644: Epoch time: 681.95
INFO: 2019-07-11 19:44:44.461694: Epoch: 20/150 Step: 30/194 Loss: 1.1116608917713169
INFO: 2019-07-11 19:46:14.821531: Epoch: 20/150 Step: 60/194 Loss: 0.8263581782579422
INFO: 2019-07-11 19:47:47.245844: Epoch: 20/150 Step: 90/194 Loss: 0.7380145967006684
INFO: 2019-07-11 19:49:19.461310: Epoch: 20/150 Step: 120/194 Loss: 0.8118240247170129
INFO: 2019-07-11 19:50:54.010751: Epoch: 20/150 Step: 150/194 Loss: 0.8136491159598033
INFO: 2019-07-11 19:52:23.634046: Epoch: 20/150 Step: 180/194 Loss: 0.7593556334575016
INFO: 2019-07-11 19:54:36.535141: Epoch: 40 val loss : 1.114013564937255; val acc: 0.5514705777168274
INFO: 2019-07-11 19:54:36.540192: Kappa :
 0.6279259920120239
INFO: 2019-07-11 19:54:36.546204: Epoch time: 686.37
INFO: 2019-07-11 19:56:11.698377: Epoch: 21/150 Step: 30/194 Loss: 1.0629052599271136
INFO: 2019-07-11 19:57:44.031577: Epoch: 21/150 Step: 60/194 Loss: 0.7485056827465691
INFO: 2019-07-11 19:59:16.461056: Epoch: 21/150 Step: 90/194 Loss: 0.7316389501094818
INFO: 2019-07-11 20:00:49.979660: Epoch: 21/150 Step: 120/194 Loss: 0.700736101468404
INFO: 2019-07-11 20:02:19.549363: Epoch: 21/150 Step: 150/194 Loss: 0.8020396798849108
INFO: 2019-07-11 20:03:52.518107: Epoch: 21/150 Step: 180/194 Loss: 0.7827703734238941
INFO: 2019-07-11 20:06:01.511846: Epoch: 41 val loss : 0.9460964045103859; val acc: 0.6194853186607361
INFO: 2019-07-11 20:06:01.514814: Kappa :
 0.6802204251289368
INFO: 2019-07-11 20:06:01.518880: Epoch time: 684.58
INFO: 2019-07-11 20:07:32.058891: Epoch: 22/150 Step: 30/194 Loss: 1.0830469489097596
INFO: 2019-07-11 20:09:00.362112: Epoch: 22/150 Step: 60/194 Loss: 0.774085647861163
INFO: 2019-07-11 20:10:28.944304: Epoch: 22/150 Step: 90/194 Loss: 0.7773531059424084
INFO: 2019-07-11 20:11:53.558151: Epoch: 22/150 Step: 120/194 Loss: 0.7842695504426955
INFO: 2019-07-11 20:13:24.859608: Epoch: 22/150 Step: 150/194 Loss: 0.8215337673823039
INFO: 2019-07-11 20:14:57.492830: Epoch: 22/150 Step: 180/194 Loss: 0.7775028328100839
INFO: 2019-07-11 20:17:07.441083: Epoch: 42 val loss : 0.9847148875979816; val acc: 0.6029411554336548
INFO: 2019-07-11 20:17:07.445323: Kappa :
 0.6831758618354797
INFO: 2019-07-11 20:17:07.451422: Epoch time: 665.75
INFO: 2019-07-11 20:18:36.150334: Epoch: 23/150 Step: 30/194 Loss: 1.1031716406345367
INFO: 2019-07-11 20:20:04.883347: Epoch: 23/150 Step: 60/194 Loss: 0.7568943719069162
INFO: 2019-07-11 20:21:33.162226: Epoch: 23/150 Step: 90/194 Loss: 0.7385643323262531
INFO: 2019-07-11 20:23:03.032277: Epoch: 23/150 Step: 120/194 Loss: 0.8262226263682049
INFO: 2019-07-11 20:24:30.321623: Epoch: 23/150 Step: 150/194 Loss: 0.8402391652266181
INFO: 2019-07-11 20:25:55.550535: Epoch: 23/150 Step: 180/194 Loss: 0.7325209319591525
INFO: 2019-07-11 20:28:00.184367: Epoch: 43 val loss : 1.11426063320216; val acc: 0.5533088445663452
INFO: 2019-07-11 20:28:00.191650: Kappa :
 0.6416148543357849
INFO: 2019-07-11 20:28:00.197348: Epoch time: 652.50
INFO: 2019-07-11 20:29:32.461395: Epoch: 24/150 Step: 30/194 Loss: 1.1293017745018006
INFO: 2019-07-11 20:30:57.577362: Epoch: 24/150 Step: 60/194 Loss: 0.7119884143273038
INFO: 2019-07-11 20:32:26.399013: Epoch: 24/150 Step: 90/194 Loss: 0.7965893685817717
INFO: 2019-07-11 20:33:57.652434: Epoch: 24/150 Step: 120/194 Loss: 0.7350732157627741
INFO: 2019-07-11 20:35:27.153237: Epoch: 24/150 Step: 150/194 Loss: 0.778584329287211
INFO: 2019-07-11 20:36:56.053620: Epoch: 24/150 Step: 180/194 Loss: 0.7892634352048238
INFO: 2019-07-11 20:39:06.482065: Epoch: 44 val loss : 0.9324229184318992; val acc: 0.6047794222831726
INFO: 2019-07-11 20:39:06.484861: Kappa :
 0.704831600189209
INFO: 2019-07-11 20:39:06.488263: Epoch time: 665.96
INFO: 2019-07-11 20:40:40.344097: Epoch: 25/150 Step: 30/194 Loss: 1.0493364145358404
INFO: 2019-07-11 20:42:08.005447: Epoch: 25/150 Step: 60/194 Loss: 0.8449641327063242
INFO: 2019-07-11 20:43:36.562750: Epoch: 25/150 Step: 90/194 Loss: 0.695021653175354
INFO: 2019-07-11 20:45:01.999556: Epoch: 25/150 Step: 120/194 Loss: 0.764969304203987
INFO: 2019-07-11 20:46:27.706830: Epoch: 25/150 Step: 150/194 Loss: 0.7544091294209161
INFO: 2019-07-11 20:47:53.532694: Epoch: 25/150 Step: 180/194 Loss: 0.7182778477668762
INFO: 2019-07-11 20:49:55.477660: Epoch: 45 val loss : 1.0263140780084274; val acc: 0.5735294222831726
INFO: 2019-07-11 20:49:55.481648: Kappa :
 0.6437546014785767
INFO: 2019-07-11 20:49:55.487257: Epoch time: 648.80
INFO: 2019-07-11 20:51:28.250064: Epoch: 26/150 Step: 30/194 Loss: 1.0289412875970205
INFO: 2019-07-11 20:52:52.613392: Epoch: 26/150 Step: 60/194 Loss: 0.8296391318241755
INFO: 2019-07-11 20:54:16.224018: Epoch: 26/150 Step: 90/194 Loss: 0.7934168756008149
INFO: 2019-07-11 20:55:44.565623: Epoch: 26/150 Step: 120/194 Loss: 0.792264578739802
INFO: 2019-07-11 20:57:12.986409: Epoch: 26/150 Step: 150/194 Loss: 0.7702321251233418
INFO: 2019-07-11 20:58:43.779478: Epoch: 26/150 Step: 180/194 Loss: 0.761254835128784
INFO: 2019-07-11 21:00:46.853948: Epoch: 46 val loss : 0.9416940878419315; val acc: 0.6305146813392639
INFO: 2019-07-11 21:00:46.860071: Kappa :
 0.7272210717201233
INFO: 2019-07-11 21:00:46.865565: Epoch time: 651.19
INFO: 2019-07-11 21:02:18.968688: Epoch: 27/150 Step: 30/194 Loss: 1.0760002732276914
INFO: 2019-07-11 21:03:47.351009: Epoch: 27/150 Step: 60/194 Loss: 0.8082307259241739
INFO: 2019-07-11 21:05:14.727386: Epoch: 27/150 Step: 90/194 Loss: 0.7818396886189777
INFO: 2019-07-11 21:06:41.369458: Epoch: 27/150 Step: 120/194 Loss: 0.7782096942265828
INFO: 2019-07-11 21:08:15.125415: Epoch: 27/150 Step: 150/194 Loss: 0.7848226567109425
INFO: 2019-07-11 21:09:44.930619: Epoch: 27/150 Step: 180/194 Loss: 0.7637823343276978
INFO: 2019-07-11 21:11:50.847985: Epoch: 47 val loss : 1.0212627789553474; val acc: 0.5845588445663452
INFO: 2019-07-11 21:11:50.855631: Kappa :
 0.675818145275116
INFO: 2019-07-11 21:11:50.863003: Epoch time: 663.80
INFO: 2019-07-11 21:13:20.015881: Epoch: 28/150 Step: 30/194 Loss: 1.160903849204381
INFO: 2019-07-11 21:14:50.083586: Epoch: 28/150 Step: 60/194 Loss: 0.7282068272431691
INFO: 2019-07-11 21:16:19.402576: Epoch: 28/150 Step: 90/194 Loss: 0.726067398985227
INFO: 2019-07-11 21:17:51.216677: Epoch: 28/150 Step: 120/194 Loss: 0.8043030500411987
INFO: 2019-07-11 21:19:18.066416: Epoch: 28/150 Step: 150/194 Loss: 0.7954897224903106
INFO: 2019-07-11 21:20:43.298595: Epoch: 28/150 Step: 180/194 Loss: 0.8023826241493225
INFO: 2019-07-11 21:22:49.482259: Epoch: 48 val loss : 0.998626693206675; val acc: 0.5735294222831726
INFO: 2019-07-11 21:22:49.489770: Kappa :
 0.6177159547805786
INFO: 2019-07-11 21:22:49.494456: Epoch time: 658.39
INFO: 2019-07-11 21:24:23.640880: Epoch: 29/150 Step: 30/194 Loss: 1.0718429138263068
INFO: 2019-07-11 21:25:50.986778: Epoch: 29/150 Step: 60/194 Loss: 0.8184041281541188
INFO: 2019-07-11 21:27:18.244611: Epoch: 29/150 Step: 90/194 Loss: 0.7378729442755381
INFO: 2019-07-11 21:28:47.333121: Epoch: 29/150 Step: 120/194 Loss: 0.7974227478106818
INFO: 2019-07-11 21:30:08.134598: Epoch: 29/150 Step: 150/194 Loss: 0.7412314593791962
INFO: 2019-07-11 21:31:33.367595: Epoch: 29/150 Step: 180/194 Loss: 0.6940493812163671
INFO: 2019-07-11 21:33:37.224876: Epoch: 49 val loss : 1.0360167771577835; val acc: 0.5808823704719543
INFO: 2019-07-11 21:33:37.231680: Kappa :
 0.6601828932762146
INFO: 2019-07-11 21:33:37.235856: Epoch time: 647.49
INFO: 2019-07-11 21:35:07.787197: Epoch: 30/150 Step: 30/194 Loss: 1.1364395876725515
INFO: 2019-07-11 21:36:39.588739: Epoch: 30/150 Step: 60/194 Loss: 0.7798558274904887
INFO: 2019-07-11 21:38:06.276362: Epoch: 30/150 Step: 90/194 Loss: 0.8104326943556467
INFO: 2019-07-11 21:39:34.737267: Epoch: 30/150 Step: 120/194 Loss: 0.7244647781054179
INFO: 2019-07-11 21:41:03.013888: Epoch: 30/150 Step: 150/194 Loss: 0.7540565093358356
INFO: 2019-07-11 21:42:31.079076: Epoch: 30/150 Step: 180/194 Loss: 0.778351797660192
INFO: 2019-07-11 21:44:33.573123: Epoch: 50 val loss : 1.0582477012101341; val acc: 0.5992646813392639
INFO: 2019-07-11 21:44:33.576414: Kappa :
 0.6748939752578735
INFO: 2019-07-11 21:44:33.579980: Epoch time: 656.10
INFO: 2019-07-11 21:46:04.034606: Epoch: 31/150 Step: 30/194 Loss: 1.1141354997952777
INFO: 2019-07-11 21:47:33.384109: Epoch: 31/150 Step: 60/194 Loss: 0.7619187990824382
INFO: 2019-07-11 21:49:05.355327: Epoch: 31/150 Step: 90/194 Loss: 0.778681355714798
INFO: 2019-07-11 21:50:35.936420: Epoch: 31/150 Step: 120/194 Loss: 0.8321431616942088
INFO: 2019-07-11 21:52:01.639113: Epoch: 31/150 Step: 150/194 Loss: 0.7645547389984131
INFO: 2019-07-11 21:53:26.209185: Epoch: 31/150 Step: 180/194 Loss: 0.7257751812537512
INFO: 2019-07-11 21:55:33.896043: Epoch: 51 val loss : 0.97130088595783; val acc: 0.6047794222831726
INFO: 2019-07-11 21:55:33.900738: Kappa :
 0.6998569369316101
INFO: 2019-07-11 21:55:33.905820: Epoch time: 660.12
INFO: 2019-07-11 21:57:02.044885: Epoch: 32/150 Step: 30/194 Loss: 1.131193790833155
INFO: 2019-07-11 21:58:33.083289: Epoch: 32/150 Step: 60/194 Loss: 0.7490667512019473
INFO: 2019-07-11 22:00:00.784656: Epoch: 32/150 Step: 90/194 Loss: 0.76281243065993
INFO: 2019-07-11 22:01:31.257264: Epoch: 32/150 Step: 120/194 Loss: 0.825612328449885
INFO: 2019-07-11 22:02:57.208137: Epoch: 32/150 Step: 150/194 Loss: 0.8120879064003627
INFO: 2019-07-11 22:04:26.770278: Epoch: 32/150 Step: 180/194 Loss: 0.7628918101390202
INFO: 2019-07-11 22:06:30.997212: Epoch: 52 val loss : 0.998352884369738; val acc: 0.6341911554336548
INFO: 2019-07-11 22:06:31.001678: Kappa :
 0.6904277205467224
INFO: 2019-07-11 22:06:31.008217: Epoch time: 656.97
INFO: 2019-07-11 22:07:59.872378: Epoch: 33/150 Step: 30/194 Loss: 1.1090763350327812
INFO: 2019-07-11 22:09:28.954085: Epoch: 33/150 Step: 60/194 Loss: 0.7998818536599475
INFO: 2019-07-11 22:11:02.612398: Epoch: 33/150 Step: 90/194 Loss: 0.7344577958186469
INFO: 2019-07-11 22:12:30.918830: Epoch: 33/150 Step: 120/194 Loss: 0.7335936745007834
INFO: 2019-07-11 22:14:01.706055: Epoch: 33/150 Step: 150/194 Loss: 0.7638438840707142
INFO: 2019-07-11 22:15:32.169252: Epoch: 33/150 Step: 180/194 Loss: 0.7404159833987554
INFO: 2019-07-11 22:17:39.134691: Epoch: 53 val loss : 0.9909495150341707; val acc: 0.5753676295280457
INFO: 2019-07-11 22:17:39.138740: Kappa :
 0.6577131152153015
INFO: 2019-07-11 22:17:39.143230: Epoch time: 667.91
INFO: 2019-07-11 22:19:11.033543: Epoch: 34/150 Step: 30/194 Loss: 1.0641463607549666
INFO: 2019-07-11 22:20:41.648274: Epoch: 34/150 Step: 60/194 Loss: 0.7477457662423451
INFO: 2019-07-11 22:22:11.228487: Epoch: 34/150 Step: 90/194 Loss: 0.7807496448357901
INFO: 2019-07-11 22:23:39.367790: Epoch: 34/150 Step: 120/194 Loss: 0.7509121199448903
INFO: 2019-07-11 22:25:07.907173: Epoch: 34/150 Step: 150/194 Loss: 0.7904455244541169
INFO: 2019-07-11 22:26:34.426458: Epoch: 34/150 Step: 180/194 Loss: 0.7881887952486675
INFO: 2019-07-11 22:28:46.177090: Epoch: 54 val loss : 1.104933829868541; val acc: 0.5643382668495178
INFO: 2019-07-11 22:28:46.181637: Kappa :
 0.6600320935249329
INFO: 2019-07-11 22:28:46.186464: Epoch time: 666.83
INFO: 2019-07-11 22:30:18.016560: Epoch: 35/150 Step: 30/194 Loss: 1.1136147648096082
INFO: 2019-07-11 22:31:48.719019: Epoch: 35/150 Step: 60/194 Loss: 0.8426740845044451
INFO: 2019-07-11 22:33:16.080232: Epoch: 35/150 Step: 90/194 Loss: 0.7661630262931187
INFO: 2019-07-11 22:34:46.333897: Epoch: 35/150 Step: 120/194 Loss: 0.7691405117511748
INFO: 2019-07-11 22:36:15.578646: Epoch: 35/150 Step: 150/194 Loss: 0.7267995456854504
INFO: 2019-07-11 22:37:45.304210: Epoch: 35/150 Step: 180/194 Loss: 0.7976098775863647
INFO: 2019-07-11 22:39:49.734384: Epoch: 55 val loss : 1.0257436475333046; val acc: 0.6011029481887817
INFO: 2019-07-11 22:39:49.739844: Kappa :
 0.6306620836257935
INFO: 2019-07-11 22:39:49.753869: Epoch time: 663.32
INFO: 2019-07-11 22:41:20.542814: Epoch: 36/150 Step: 30/194 Loss: 1.194435848792394
INFO: 2019-07-11 22:42:54.519605: Epoch: 36/150 Step: 60/194 Loss: 0.7779677132765452
INFO: 2019-07-11 22:44:25.048472: Epoch: 36/150 Step: 90/194 Loss: 0.7525942852099734
INFO: 2019-07-11 22:45:51.311123: Epoch: 36/150 Step: 120/194 Loss: 0.7310850679874421
INFO: 2019-07-11 22:47:20.115135: Epoch: 36/150 Step: 150/194 Loss: 0.8012160122394564
INFO: 2019-07-11 22:48:50.967981: Epoch: 36/150 Step: 180/194 Loss: 0.756008244554202
INFO: 2019-07-11 22:50:53.897179: Epoch: 56 val loss : 1.0127967929138857; val acc: 0.6102941036224365
INFO: 2019-07-11 22:50:53.900334: Kappa :
 0.7056436538696289
INFO: 2019-07-11 22:50:53.903977: Epoch time: 663.88
INFO: 2019-07-11 22:52:22.860063: Epoch: 37/150 Step: 30/194 Loss: 1.1816640605529147
INFO: 2019-07-11 22:53:53.587430: Epoch: 37/150 Step: 60/194 Loss: 0.7980457345644631
INFO: 2019-07-11 22:55:24.671829: Epoch: 37/150 Step: 90/194 Loss: 0.806428776184718
INFO: 2019-07-11 22:56:57.840961: Epoch: 37/150 Step: 120/194 Loss: 0.7735289851824441
INFO: 2019-07-11 22:58:23.739248: Epoch: 37/150 Step: 150/194 Loss: 0.7791331986586252
INFO: 2019-07-11 22:59:55.511226: Epoch: 37/150 Step: 180/194 Loss: 0.7612599651018778
INFO: 2019-07-11 23:01:59.509990: Epoch: 57 val loss : 0.9644538953023798; val acc: 0.6268382668495178
INFO: 2019-07-11 23:01:59.518685: Kappa :
 0.7026978135108948
INFO: 2019-07-11 23:01:59.525584: Epoch time: 665.39
INFO: 2019-07-11 23:03:30.178988: Epoch: 38/150 Step: 30/194 Loss: 1.1041400482257206
INFO: 2019-07-11 23:04:59.232081: Epoch: 38/150 Step: 60/194 Loss: 0.754119175672531
INFO: 2019-07-11 23:06:29.082148: Epoch: 38/150 Step: 90/194 Loss: 0.7731563587983449
INFO: 2019-07-11 23:07:55.610276: Epoch: 38/150 Step: 120/194 Loss: 0.8145117570956548
INFO: 2019-07-11 23:09:25.400799: Epoch: 38/150 Step: 150/194 Loss: 0.7858038683732351
INFO: 2019-07-11 23:10:53.540600: Epoch: 38/150 Step: 180/194 Loss: 0.7070116251707078
INFO: 2019-07-11 23:12:59.460535: Epoch: 58 val loss : 1.0319777166142183; val acc: 0.5882353186607361
INFO: 2019-07-11 23:12:59.464122: Kappa :
 0.636949896812439
INFO: 2019-07-11 23:12:59.468138: Epoch time: 659.49
INFO: 2019-07-11 23:14:30.773026: Epoch: 39/150 Step: 30/194 Loss: 1.0808473457892733
INFO: 2019-07-11 23:15:57.887262: Epoch: 39/150 Step: 60/194 Loss: 0.7883317967255912
INFO: 2019-07-11 23:17:25.192078: Epoch: 39/150 Step: 90/194 Loss: 0.8127381285031635
INFO: 2019-07-11 23:18:57.049952: Epoch: 39/150 Step: 120/194 Loss: 0.760963985323906
INFO: 2019-07-11 23:20:25.854330: Epoch: 39/150 Step: 150/194 Loss: 0.8343280096848805
INFO: 2019-07-11 23:21:54.130844: Epoch: 39/150 Step: 180/194 Loss: 0.7164638668298723
INFO: 2019-07-11 23:24:03.815664: Epoch: 59 val loss : 0.9559710148502799; val acc: 0.6029411554336548
INFO: 2019-07-11 23:24:03.821137: Kappa :
 0.6766501665115356
INFO: 2019-07-11 23:24:03.827792: Epoch time: 664.16
INFO: 2019-07-11 23:25:36.139624: Epoch: 40/150 Step: 30/194 Loss: 1.138085989157359
INFO: 2019-07-11 23:27:04.588744: Epoch: 40/150 Step: 60/194 Loss: 0.7553687234719594
INFO: 2019-07-11 23:28:30.418278: Epoch: 40/150 Step: 90/194 Loss: 0.7434526453415552
INFO: 2019-07-11 23:29:58.998598: Epoch: 40/150 Step: 120/194 Loss: 0.7527394771575928
INFO: 2019-07-11 23:31:28.577595: Epoch: 40/150 Step: 150/194 Loss: 0.7341337651014327
INFO: 2019-07-11 23:32:57.793131: Epoch: 40/150 Step: 180/194 Loss: 0.7850437551736831
INFO: 2019-07-11 23:35:02.976591: Epoch: 60 val loss : 0.9199119341724059; val acc: 0.6176470518112183
INFO: 2019-07-11 23:35:02.982869: Kappa :
 0.681860625743866
INFO: 2019-07-11 23:35:02.987623: Epoch time: 658.93
INFO: 2019-07-11 23:36:35.095107: Epoch: 41/150 Step: 30/194 Loss: 1.1256355007489522
INFO: 2019-07-11 23:38:04.138338: Epoch: 41/150 Step: 60/194 Loss: 0.7770425299803415
INFO: 2019-07-11 23:39:34.470971: Epoch: 41/150 Step: 90/194 Loss: 0.7369126627842586
INFO: 2019-07-11 23:41:04.492980: Epoch: 41/150 Step: 120/194 Loss: 0.7661006112893424
INFO: 2019-07-11 23:42:34.663074: Epoch: 41/150 Step: 150/194 Loss: 0.8591786404450735
INFO: 2019-07-11 23:44:05.302326: Epoch: 41/150 Step: 180/194 Loss: 0.7189750462770462
INFO: 2019-07-11 23:46:07.770626: Epoch: 61 val loss : 1.025339853237657; val acc: 0.5900735259056091
INFO: 2019-07-11 23:46:07.776901: Kappa :
 0.6358094811439514
INFO: 2019-07-11 23:46:07.782218: Epoch time: 664.58
INFO: 2019-07-11 23:47:42.293621: Epoch: 42/150 Step: 30/194 Loss: 1.146941051880519
INFO: 2019-07-11 23:49:12.986606: Epoch: 42/150 Step: 60/194 Loss: 0.7519967575867972
INFO: 2019-07-11 23:50:42.036541: Epoch: 42/150 Step: 90/194 Loss: 0.7817368328571318
INFO: 2019-07-11 23:52:13.960744: Epoch: 42/150 Step: 120/194 Loss: 0.7818324903647105
INFO: 2019-07-11 23:53:44.069304: Epoch: 42/150 Step: 150/194 Loss: 0.779099887609482
INFO: 2019-07-11 23:55:11.532063: Epoch: 42/150 Step: 180/194 Loss: 0.7364773968855539
INFO: 2019-07-11 23:57:16.721749: Epoch: 62 val loss : 1.024865457240273; val acc: 0.6066176295280457
INFO: 2019-07-11 23:57:16.727767: Kappa :
 0.6740955114364624
INFO: 2019-07-11 23:57:16.733244: Epoch time: 668.71
INFO: 2019-07-11 23:58:46.240564: Epoch: 43/150 Step: 30/194 Loss: 1.126299055417379
INFO: 2019-07-12 00:00:16.774391: Epoch: 43/150 Step: 60/194 Loss: 0.7918939669926962
INFO: 2019-07-12 00:01:42.435895: Epoch: 43/150 Step: 90/194 Loss: 0.7530333369970322
INFO: 2019-07-12 00:03:12.369556: Epoch: 43/150 Step: 120/194 Loss: 0.7696922034025192
INFO: 2019-07-12 00:04:43.765777: Epoch: 43/150 Step: 150/194 Loss: 0.8165562748908995
INFO: 2019-07-12 00:06:13.287815: Epoch: 43/150 Step: 180/194 Loss: 0.7190395871798198
INFO: 2019-07-12 00:08:20.121139: Epoch: 63 val loss : 1.0188594793572145; val acc: 0.6029411554336548
INFO: 2019-07-12 00:08:20.126275: Kappa :
 0.669219970703125
INFO: 2019-07-12 00:08:20.129085: Epoch time: 663.18
INFO: 2019-07-12 00:09:53.460929: Epoch: 44/150 Step: 30/194 Loss: 1.1524339427550632
INFO: 2019-07-12 00:11:23.256225: Epoch: 44/150 Step: 60/194 Loss: 0.7653358966112136
INFO: 2019-07-12 00:12:50.579171: Epoch: 44/150 Step: 90/194 Loss: 0.7963907271623611
INFO: 2019-07-12 00:14:16.130238: Epoch: 44/150 Step: 120/194 Loss: 0.7307102749745051
INFO: 2019-07-12 00:15:46.582040: Epoch: 44/150 Step: 150/194 Loss: 0.8195148448149363
INFO: 2019-07-12 00:17:17.669902: Epoch: 44/150 Step: 180/194 Loss: 0.7730781912803651
INFO: 2019-07-12 00:19:27.895755: Epoch: 64 val loss : 1.0794447940938614; val acc: 0.5808823704719543
INFO: 2019-07-12 00:19:27.900392: Kappa :
 0.6506809592247009
INFO: 2019-07-12 00:19:27.904222: Epoch time: 667.54
INFO: 2019-07-12 00:21:04.045483: Epoch: 45/150 Step: 30/194 Loss: 1.0826967199643454
INFO: 2019-07-12 00:22:33.907497: Epoch: 45/150 Step: 60/194 Loss: 0.7535918196042379
INFO: 2019-07-12 00:24:02.314969: Epoch: 45/150 Step: 90/194 Loss: 0.6830757210652033
INFO: 2019-07-12 00:25:28.645742: Epoch: 45/150 Step: 120/194 Loss: 0.6988296260436374
INFO: 2019-07-12 00:26:55.113565: Epoch: 45/150 Step: 150/194 Loss: 0.8089742978413899
INFO: 2019-07-12 00:28:22.094494: Epoch: 45/150 Step: 180/194 Loss: 0.7795706868171693
INFO: 2019-07-12 00:30:28.038205: Epoch: 65 val loss : 1.0462704020387985; val acc: 0.5625
INFO: 2019-07-12 00:30:28.045666: Kappa :
 0.6200246214866638
INFO: 2019-07-12 00:30:28.053129: Epoch time: 659.95
INFO: 2019-07-12 00:31:59.697415: Epoch: 46/150 Step: 30/194 Loss: 1.0828958014647165
INFO: 2019-07-12 00:33:27.801409: Epoch: 46/150 Step: 60/194 Loss: 0.7179986327886579
INFO: 2019-07-12 00:34:56.232518: Epoch: 46/150 Step: 90/194 Loss: 0.7593429525693257
INFO: 2019-07-12 00:36:27.076083: Epoch: 46/150 Step: 120/194 Loss: 0.7773799101511638
INFO: 2019-07-12 00:37:53.944986: Epoch: 46/150 Step: 150/194 Loss: 0.7832349956035614
INFO: 2019-07-12 00:39:22.215208: Epoch: 46/150 Step: 180/194 Loss: 0.7855155756076176
INFO: 2019-07-12 00:41:29.196376: Epoch: 66 val loss : 0.9968462305910447; val acc: 0.5974264740943909
INFO: 2019-07-12 00:41:29.202090: Kappa :
 0.6773149371147156
INFO: 2019-07-12 00:41:29.208097: Epoch time: 660.89
INFO: 2019-07-12 00:43:00.754858: Epoch: 47/150 Step: 30/194 Loss: 1.0913275241851805
INFO: 2019-07-12 00:44:30.290503: Epoch: 47/150 Step: 60/194 Loss: 0.766301562388738
INFO: 2019-07-12 00:46:03.746587: Epoch: 47/150 Step: 90/194 Loss: 0.8035187482833864
INFO: 2019-07-12 00:47:34.829329: Epoch: 47/150 Step: 120/194 Loss: 0.8503324608008068
INFO: 2019-07-12 00:49:08.608465: Epoch: 47/150 Step: 150/194 Loss: 0.8029347042242686
INFO: 2019-07-12 00:50:36.813661: Epoch: 47/150 Step: 180/194 Loss: 0.7546014149983724
INFO: 2019-07-12 00:52:43.706821: Epoch: 67 val loss : 0.9794084920602686; val acc: 0.6323529481887817
INFO: 2019-07-12 00:52:43.712358: Kappa :
 0.6742315888404846
INFO: 2019-07-12 00:52:43.717789: Epoch time: 674.27
INFO: 2019-07-12 00:54:15.239277: Epoch: 48/150 Step: 30/194 Loss: 1.105386437972387
INFO: 2019-07-12 00:55:42.635665: Epoch: 48/150 Step: 60/194 Loss: 0.743660428126653
INFO: 2019-07-12 00:57:09.041373: Epoch: 48/150 Step: 90/194 Loss: 0.7564922869205477
INFO: 2019-07-12 00:58:38.006166: Epoch: 48/150 Step: 120/194 Loss: 0.7786575317382812
INFO: 2019-07-12 01:00:08.202317: Epoch: 48/150 Step: 150/194 Loss: 0.7357138335704804
INFO: 2019-07-12 01:01:35.452027: Epoch: 48/150 Step: 180/194 Loss: 0.7737762490908304
INFO: 2019-07-12 01:03:42.907308: Epoch: 68 val loss : 0.8982378419707803; val acc: 0.6360294222831726
INFO: 2019-07-12 01:03:42.915511: Kappa :
 0.6495769619941711
INFO: 2019-07-12 01:03:42.927698: Epoch time: 659.02
INFO: 2019-07-12 01:05:16.445637: Epoch: 49/150 Step: 30/194 Loss: 1.146252156297366
INFO: 2019-07-12 01:06:47.807004: Epoch: 49/150 Step: 60/194 Loss: 0.8158605625232062
INFO: 2019-07-12 01:08:22.372294: Epoch: 49/150 Step: 90/194 Loss: 0.7829182902971903
INFO: 2019-07-12 01:09:51.101362: Epoch: 49/150 Step: 120/194 Loss: 0.7837854961554209
INFO: 2019-07-12 01:11:17.098124: Epoch: 49/150 Step: 150/194 Loss: 0.7952391187349956
INFO: 2019-07-12 01:12:46.384979: Epoch: 49/150 Step: 180/194 Loss: 0.7837656408548355
INFO: 2019-07-12 01:14:53.246039: Epoch: 69 val loss : 1.0074594213682062; val acc: 0.6121323704719543
INFO: 2019-07-12 01:14:53.252126: Kappa :
 0.6384505033493042
INFO: 2019-07-12 01:14:53.255888: Epoch time: 670.15
INFO: 2019-07-12 01:16:22.382149: Epoch: 50/150 Step: 30/194 Loss: 1.0963548044363658
INFO: 2019-07-12 01:17:50.353136: Epoch: 50/150 Step: 60/194 Loss: 0.7707284291585286
INFO: 2019-07-12 01:19:21.704010: Epoch: 50/150 Step: 90/194 Loss: 0.7268813669681548
INFO: 2019-07-12 01:20:51.122011: Epoch: 50/150 Step: 120/194 Loss: 0.8049525101979573
INFO: 2019-07-12 01:22:22.427352: Epoch: 50/150 Step: 150/194 Loss: 0.7499601413806279
INFO: 2019-07-12 01:23:53.840386: Epoch: 50/150 Step: 180/194 Loss: 0.8273679355780281
INFO: 2019-07-12 01:25:58.316668: Epoch: 70 val loss : 1.0522641714881449; val acc: 0.5661764740943909
INFO: 2019-07-12 01:25:58.321261: Kappa :
 0.6429648399353027
INFO: 2019-07-12 01:25:58.324454: Epoch time: 664.85
INFO: 2019-07-12 01:27:28.287305: Epoch: 51/150 Step: 30/194 Loss: 1.1960163116455076
INFO: 2019-07-12 01:28:54.251880: Epoch: 51/150 Step: 60/194 Loss: 0.7478259126345318
INFO: 2019-07-12 01:30:23.036310: Epoch: 51/150 Step: 90/194 Loss: 0.7571123431126275
INFO: 2019-07-12 01:31:53.233114: Epoch: 51/150 Step: 120/194 Loss: 0.7872549295425416
INFO: 2019-07-12 01:33:22.783736: Epoch: 51/150 Step: 150/194 Loss: 0.7695886770884196
INFO: 2019-07-12 01:34:52.924401: Epoch: 51/150 Step: 180/194 Loss: 0.7561503142118454
INFO: 2019-07-12 01:36:57.815902: Epoch: 71 val loss : 0.9265327716574949; val acc: 0.6452205777168274
INFO: 2019-07-12 01:36:57.820394: Kappa :
 0.7272011041641235
INFO: 2019-07-12 01:36:57.824611: Epoch time: 659.30
INFO: 2019-07-12 01:38:32.502954: Epoch: 52/150 Step: 30/194 Loss: 1.0945728917916617
INFO: 2019-07-12 01:39:59.637515: Epoch: 52/150 Step: 60/194 Loss: 0.7626704891522725
INFO: 2019-07-12 01:41:28.890571: Epoch: 52/150 Step: 90/194 Loss: 0.7497287591298419
INFO: 2019-07-12 01:42:59.955199: Epoch: 52/150 Step: 120/194 Loss: 0.8540533612171809
INFO: 2019-07-12 01:44:23.558073: Epoch: 52/150 Step: 150/194 Loss: 0.7138731400171916
INFO: 2019-07-12 01:45:50.563141: Epoch: 52/150 Step: 180/194 Loss: 0.8436730355024338
INFO: 2019-07-12 01:47:57.509087: Epoch: 72 val loss : 0.91922826276106; val acc: 0.6213235259056091
INFO: 2019-07-12 01:47:57.515433: Kappa :
 0.7154425978660583
INFO: 2019-07-12 01:47:57.524598: Epoch time: 659.44
INFO: 2019-07-12 01:49:28.732064: Epoch: 53/150 Step: 30/194 Loss: 1.171123154958089
INFO: 2019-07-12 01:50:55.758320: Epoch: 53/150 Step: 60/194 Loss: 0.7926266809304555
INFO: 2019-07-12 01:52:22.609033: Epoch: 53/150 Step: 90/194 Loss: 0.749769953886668
INFO: 2019-07-12 01:53:50.390220: Epoch: 53/150 Step: 120/194 Loss: 0.8100847125053404
INFO: 2019-07-12 01:55:17.035541: Epoch: 53/150 Step: 150/194 Loss: 0.7508884708086652
INFO: 2019-07-12 01:56:44.327257: Epoch: 53/150 Step: 180/194 Loss: 0.7829816102981568
INFO: 2019-07-12 01:58:51.413950: Epoch: 73 val loss : 0.9742344652905184; val acc: 0.5992646813392639
INFO: 2019-07-12 01:58:51.417827: Kappa :
 0.6826765537261963
INFO: 2019-07-12 01:58:51.423884: Epoch time: 653.62
INFO: 2019-07-12 02:00:24.402861: Epoch: 54/150 Step: 30/194 Loss: 1.092274739344915
INFO: 2019-07-12 02:01:53.089315: Epoch: 54/150 Step: 60/194 Loss: 0.7548882951339085
INFO: 2019-07-12 02:03:26.031782: Epoch: 54/150 Step: 90/194 Loss: 0.7075075169404349
INFO: 2019-07-12 02:04:54.028168: Epoch: 54/150 Step: 120/194 Loss: 0.7607104827960333
INFO: 2019-07-12 02:06:23.709721: Epoch: 54/150 Step: 150/194 Loss: 0.7907973458369573
INFO: 2019-07-12 02:07:55.917730: Epoch: 54/150 Step: 180/194 Loss: 0.7790824949741365
INFO: 2019-07-12 02:10:05.244693: Epoch: 74 val loss : 0.9795918026391197; val acc: 0.5992646813392639
INFO: 2019-07-12 02:10:05.253752: Kappa :
 0.6692471504211426
INFO: 2019-07-12 02:10:05.261765: Epoch time: 673.62
INFO: 2019-07-12 02:11:40.521177: Epoch: 55/150 Step: 30/194 Loss: 1.1387408663829168
INFO: 2019-07-12 02:13:10.107110: Epoch: 55/150 Step: 60/194 Loss: 0.8003644009431203
INFO: 2019-07-12 02:14:38.998494: Epoch: 55/150 Step: 90/194 Loss: 0.7884855727354684
INFO: 2019-07-12 02:16:05.788980: Epoch: 55/150 Step: 120/194 Loss: 0.7748441179593403
INFO: 2019-07-12 02:17:34.602510: Epoch: 55/150 Step: 150/194 Loss: 0.860790596405665
INFO: 2019-07-12 02:19:07.820636: Epoch: 55/150 Step: 180/194 Loss: 0.802952163418134
INFO: 2019-07-12 02:21:13.039545: Epoch: 75 val loss : 0.9714433620957768; val acc: 0.6139705777168274
INFO: 2019-07-12 02:21:13.045160: Kappa :
 0.6761180758476257
INFO: 2019-07-12 02:21:13.049026: Epoch time: 667.53
INFO: 2019-07-12 02:22:45.127408: Epoch: 56/150 Step: 30/194 Loss: 1.1083930671215056
INFO: 2019-07-12 02:24:12.196714: Epoch: 56/150 Step: 60/194 Loss: 0.7411514470974604
INFO: 2019-07-12 02:25:38.508800: Epoch: 56/150 Step: 90/194 Loss: 0.7869209329287211
INFO: 2019-07-12 02:27:06.859240: Epoch: 56/150 Step: 120/194 Loss: 0.7519313971201579
INFO: 2019-07-12 02:28:32.684725: Epoch: 56/150 Step: 150/194 Loss: 0.8134851127862932
INFO: 2019-07-12 02:30:00.835233: Epoch: 56/150 Step: 180/194 Loss: 0.7586146732171377
INFO: 2019-07-12 02:32:10.836902: Epoch: 76 val loss : 1.0022561409894157; val acc: 0.6121323704719543
INFO: 2019-07-12 02:32:10.840195: Kappa :
 0.6609337329864502
INFO: 2019-07-12 02:32:10.845648: Epoch time: 657.55
INFO: 2019-07-12 02:33:44.103425: Epoch: 57/150 Step: 30/194 Loss: 1.1044547627369563
INFO: 2019-07-12 02:35:10.724881: Epoch: 57/150 Step: 60/194 Loss: 0.7377837647994356
INFO: 2019-07-12 02:36:39.038786: Epoch: 57/150 Step: 90/194 Loss: 0.8085650841395058
INFO: 2019-07-12 02:38:05.169461: Epoch: 57/150 Step: 120/194 Loss: 0.764310708642006
INFO: 2019-07-12 02:39:32.884894: Epoch: 57/150 Step: 150/194 Loss: 0.7812480449676513
INFO: 2019-07-12 02:41:04.166746: Epoch: 57/150 Step: 180/194 Loss: 0.7451920231183372
INFO: 2019-07-12 02:43:09.997551: Epoch: 77 val loss : 0.9413251868065666; val acc: 0.625
INFO: 2019-07-12 02:43:10.003668: Kappa :
 0.6654418706893921
INFO: 2019-07-12 02:43:10.008304: Epoch time: 658.91
INFO: 2019-07-12 02:44:39.695602: Epoch: 58/150 Step: 30/194 Loss: 1.101418033242226
INFO: 2019-07-12 02:46:05.450593: Epoch: 58/150 Step: 60/194 Loss: 0.7273356517155966
INFO: 2019-07-12 02:47:31.776146: Epoch: 58/150 Step: 90/194 Loss: 0.7596724629402162
INFO: 2019-07-12 02:49:00.557393: Epoch: 58/150 Step: 120/194 Loss: 0.7140399674574536
INFO: 2019-07-12 02:50:30.129961: Epoch: 58/150 Step: 150/194 Loss: 0.7550548871358236
INFO: 2019-07-12 02:51:54.702230: Epoch: 58/150 Step: 180/194 Loss: 0.7638391862312952
INFO: 2019-07-12 02:54:02.095101: Epoch: 78 val loss : 1.0701685670544119; val acc: 0.5955882668495178
INFO: 2019-07-12 02:54:02.103340: Kappa :
 0.6257452368736267
INFO: 2019-07-12 02:54:02.112487: Epoch time: 651.86
INFO: 2019-07-12 02:55:33.777721: Epoch: 59/150 Step: 30/194 Loss: 1.1963166028261187
INFO: 2019-07-12 02:57:04.824759: Epoch: 59/150 Step: 60/194 Loss: 0.752574148774147
INFO: 2019-07-12 02:58:37.610192: Epoch: 59/150 Step: 90/194 Loss: 0.7160499731699627
INFO: 2019-07-12 03:00:08.208419: Epoch: 59/150 Step: 120/194 Loss: 0.8163491944471992
INFO: 2019-07-12 03:01:40.839891: Epoch: 59/150 Step: 150/194 Loss: 0.7905225038528443
INFO: 2019-07-12 03:03:11.984486: Epoch: 59/150 Step: 180/194 Loss: 0.7682839314142864
INFO: 2019-07-12 03:05:18.479919: Epoch: 79 val loss : 1.0497152559897478; val acc: 0.5845588445663452
INFO: 2019-07-12 03:05:18.483155: Kappa :
 0.6837241053581238
INFO: 2019-07-12 03:05:18.486331: Epoch time: 676.17
INFO: 2019-07-12 03:06:55.250819: Epoch: 60/150 Step: 30/194 Loss: 1.1268743733565008
INFO: 2019-07-12 03:08:24.779164: Epoch: 60/150 Step: 60/194 Loss: 0.769734905163447
INFO: 2019-07-12 03:09:50.982268: Epoch: 60/150 Step: 90/194 Loss: 0.7899092217286426
INFO: 2019-07-12 03:11:23.484984: Epoch: 60/150 Step: 120/194 Loss: 0.7653450300296146
INFO: 2019-07-12 03:12:53.230770: Epoch: 60/150 Step: 150/194 Loss: 0.7815649807453154
INFO: 2019-07-12 03:14:19.941979: Epoch: 60/150 Step: 180/194 Loss: 0.7725119163592659
INFO: 2019-07-12 03:16:23.801712: Epoch: 80 val loss : 1.0207354549099417; val acc: 0.6011029481887817
INFO: 2019-07-12 03:16:23.807695: Kappa :
 0.7262862920761108
INFO: 2019-07-12 03:16:23.812338: Epoch time: 665.07
INFO: 2019-07-12 03:17:54.542229: Epoch: 61/150 Step: 30/194 Loss: 1.0908935536940894
INFO: 2019-07-12 03:19:22.922042: Epoch: 61/150 Step: 60/194 Loss: 0.7821483294169107
INFO: 2019-07-12 03:20:55.797134: Epoch: 61/150 Step: 90/194 Loss: 0.8082799235979716
INFO: 2019-07-12 03:22:23.195602: Epoch: 61/150 Step: 120/194 Loss: 0.8361126820246377
INFO: 2019-07-12 03:23:52.169692: Epoch: 61/150 Step: 150/194 Loss: 0.7936672886212668
INFO: 2019-07-12 03:25:27.463234: Epoch: 61/150 Step: 180/194 Loss: 0.7645418107509612
INFO: 2019-07-12 03:27:31.755730: Epoch: 81 val loss : 0.9293331836952883; val acc: 0.6194853186607361
INFO: 2019-07-12 03:27:31.758710: Kappa :
 0.7057615518569946
INFO: 2019-07-12 03:27:31.762235: Epoch time: 667.75
INFO: 2019-07-12 03:29:06.994263: Epoch: 62/150 Step: 30/194 Loss: 1.1695258359114327
INFO: 2019-07-12 03:30:38.001918: Epoch: 62/150 Step: 60/194 Loss: 0.7508823931217194
INFO: 2019-07-12 03:32:09.209741: Epoch: 62/150 Step: 90/194 Loss: 0.763168877363205
INFO: 2019-07-12 03:33:39.558073: Epoch: 62/150 Step: 120/194 Loss: 0.7948911050955455
INFO: 2019-07-12 03:35:07.878522: Epoch: 62/150 Step: 150/194 Loss: 0.745882154504458
INFO: 2019-07-12 03:36:38.941221: Epoch: 62/150 Step: 180/194 Loss: 0.8010344386100771
INFO: 2019-07-12 03:38:45.951833: Epoch: 82 val loss : 0.9645559892934912; val acc: 0.6158088445663452
INFO: 2019-07-12 03:38:45.957789: Kappa :
 0.7065720558166504
INFO: 2019-07-12 03:38:45.963239: Epoch time: 673.94
INFO: 2019-07-12 03:40:18.930933: Epoch: 63/150 Step: 30/194 Loss: 1.1038679083188379
INFO: 2019-07-12 03:41:48.027308: Epoch: 63/150 Step: 60/194 Loss: 0.7772096753120423
INFO: 2019-07-12 03:43:16.108031: Epoch: 63/150 Step: 90/194 Loss: 0.734271439909935
INFO: 2019-07-12 03:44:44.892557: Epoch: 63/150 Step: 120/194 Loss: 0.7216481467088064
INFO: 2019-07-12 03:46:12.455264: Epoch: 63/150 Step: 150/194 Loss: 0.776346000035604
INFO: 2019-07-12 03:47:41.576360: Epoch: 63/150 Step: 180/194 Loss: 0.7666130870580673
INFO: 2019-07-12 03:49:51.228371: Epoch: 83 val loss : 1.0475392560748493; val acc: 0.5882353186607361
INFO: 2019-07-12 03:49:51.234674: Kappa :
 0.669434666633606
INFO: 2019-07-12 03:49:51.245203: Epoch time: 665.05
INFO: 2019-07-12 03:51:24.832406: Epoch: 64/150 Step: 30/194 Loss: 1.072005166610082
INFO: 2019-07-12 03:52:56.255887: Epoch: 64/150 Step: 60/194 Loss: 0.7429517159859338
INFO: 2019-07-12 03:54:22.971277: Epoch: 64/150 Step: 90/194 Loss: 0.7297054976224899
INFO: 2019-07-12 03:55:49.159839: Epoch: 64/150 Step: 120/194 Loss: 0.7416406055291493
INFO: 2019-07-12 03:57:19.005378: Epoch: 64/150 Step: 150/194 Loss: 0.7573299884796143
INFO: 2019-07-12 03:58:49.170555: Epoch: 64/150 Step: 180/194 Loss: 0.8106636484464009
INFO: 2019-07-12 04:00:54.088155: Epoch: 84 val loss : 0.9982991034493727; val acc: 0.623161792755127
INFO: 2019-07-12 04:00:54.091556: Kappa :
 0.7014265060424805
INFO: 2019-07-12 04:00:54.094801: Epoch time: 662.63
INFO: 2019-07-12 04:02:25.051573: Epoch: 65/150 Step: 30/194 Loss: 1.1667176783084867
INFO: 2019-07-12 04:03:47.953180: Epoch: 65/150 Step: 60/194 Loss: 0.7908204664786654
INFO: 2019-07-12 04:05:16.580145: Epoch: 65/150 Step: 90/194 Loss: 0.8047463715076446
INFO: 2019-07-12 04:06:46.709311: Epoch: 65/150 Step: 120/194 Loss: 0.7545866896708807
INFO: 2019-07-12 04:08:17.187716: Epoch: 65/150 Step: 150/194 Loss: 0.7743949433167775
INFO: 2019-07-12 04:09:44.572383: Epoch: 65/150 Step: 180/194 Loss: 0.8373428483804067
INFO: 2019-07-12 04:11:47.429473: Epoch: 85 val loss : 0.9805786066195544; val acc: 0.6102941036224365
INFO: 2019-07-12 04:11:47.434182: Kappa :
 0.6744357347488403
INFO: 2019-07-12 04:11:47.439558: Epoch time: 653.11
INFO: 2019-07-12 04:13:24.433898: Epoch: 66/150 Step: 30/194 Loss: 1.127446037530899
INFO: 2019-07-12 04:14:50.031061: Epoch: 66/150 Step: 60/194 Loss: 0.7778535952170689
INFO: 2019-07-12 04:16:17.892088: Epoch: 66/150 Step: 90/194 Loss: 0.7740678091843923
INFO: 2019-07-12 04:17:48.740464: Epoch: 66/150 Step: 120/194 Loss: 0.7856432358423868
INFO: 2019-07-12 04:19:19.281053: Epoch: 66/150 Step: 150/194 Loss: 0.7578459878762563
INFO: 2019-07-12 04:20:44.522154: Epoch: 66/150 Step: 180/194 Loss: 0.7812237858772278
INFO: 2019-07-12 04:22:50.869031: Epoch: 86 val loss : 0.9564283279811635; val acc: 0.6158088445663452
INFO: 2019-07-12 04:22:50.873134: Kappa :
 0.6834026575088501
INFO: 2019-07-12 04:22:50.877543: Epoch time: 663.19
INFO: 2019-07-12 04:24:20.884043: Epoch: 67/150 Step: 30/194 Loss: 1.1448935002088545
INFO: 2019-07-12 04:25:51.904262: Epoch: 67/150 Step: 60/194 Loss: 0.7351297020912168
INFO: 2019-07-12 04:27:22.499353: Epoch: 67/150 Step: 90/194 Loss: 0.7763764709234237
INFO: 2019-07-12 04:28:52.752911: Epoch: 67/150 Step: 120/194 Loss: 0.7709810167551041
INFO: 2019-07-12 04:30:21.295956: Epoch: 67/150 Step: 150/194 Loss: 0.7564178009827932
INFO: 2019-07-12 04:31:47.575190: Epoch: 67/150 Step: 180/194 Loss: 0.7376996070146561
INFO: 2019-07-12 04:33:55.315230: Epoch: 87 val loss : 0.9516554913100075; val acc: 0.6121323704719543
INFO: 2019-07-12 04:33:55.318475: Kappa :
 0.7122445702552795
INFO: 2019-07-12 04:33:55.322497: Epoch time: 664.16
INFO: 2019-07-12 04:35:32.440856: Epoch: 68/150 Step: 30/194 Loss: 1.1462437808513644
INFO: 2019-07-12 04:37:01.021111: Epoch: 68/150 Step: 60/194 Loss: 0.753501064578692
INFO: 2019-07-12 04:38:33.117549: Epoch: 68/150 Step: 90/194 Loss: 0.7822870145241422
INFO: 2019-07-12 04:40:04.312772: Epoch: 68/150 Step: 120/194 Loss: 0.8109780112902323
INFO: 2019-07-12 04:41:33.084227: Epoch: 68/150 Step: 150/194 Loss: 0.7349833418925602
INFO: 2019-07-12 04:42:59.974505: Epoch: 68/150 Step: 180/194 Loss: 0.8215928653875987
INFO: 2019-07-12 04:45:03.166970: Epoch: 88 val loss : 0.9657994263312396; val acc: 0.5735294222831726
INFO: 2019-07-12 04:45:03.173074: Kappa :
 0.6586575508117676
INFO: 2019-07-12 04:45:03.177126: Epoch time: 667.64
INFO: 2019-07-12 04:46:37.970909: Epoch: 69/150 Step: 30/194 Loss: 1.1376702507336933
INFO: 2019-07-12 04:48:05.496843: Epoch: 69/150 Step: 60/194 Loss: 0.7504486600557962
INFO: 2019-07-12 04:49:38.824406: Epoch: 69/150 Step: 90/194 Loss: 0.8023873130480448
INFO: 2019-07-12 04:51:06.718274: Epoch: 69/150 Step: 120/194 Loss: 0.7566640555858613
INFO: 2019-07-12 04:52:29.531514: Epoch: 69/150 Step: 150/194 Loss: 0.7659110347429912
INFO: 2019-07-12 04:53:57.272420: Epoch: 69/150 Step: 180/194 Loss: 0.7698152999083201
INFO: 2019-07-12 04:56:03.936200: Epoch: 89 val loss : 0.9417313898310942; val acc: 0.6433823704719543
INFO: 2019-07-12 04:56:03.942234: Kappa :
 0.7054703831672668
INFO: 2019-07-12 04:56:03.956374: Epoch time: 660.52
INFO: 2019-07-12 04:57:36.102125: Epoch: 70/150 Step: 30/194 Loss: 1.1791005462408068
INFO: 2019-07-12 04:59:05.889787: Epoch: 70/150 Step: 60/194 Loss: 0.7558554579814275
INFO: 2019-07-12 05:00:34.651161: Epoch: 70/150 Step: 90/194 Loss: 0.7635782013336817
INFO: 2019-07-12 05:02:01.466604: Epoch: 70/150 Step: 120/194 Loss: 0.8147151877482731
INFO: 2019-07-12 05:03:30.487086: Epoch: 70/150 Step: 150/194 Loss: 0.7672160098950067
INFO: 2019-07-12 05:04:59.073852: Epoch: 70/150 Step: 180/194 Loss: 0.7393627285957338
INFO: 2019-07-12 05:07:07.861850: Epoch: 90 val loss : 0.982515424489975; val acc: 0.6066176295280457
INFO: 2019-07-12 05:07:07.867447: Kappa :
 0.6656526327133179
INFO: 2019-07-12 05:07:07.872202: Epoch time: 663.63
INFO: 2019-07-12 05:08:36.335364: Epoch: 71/150 Step: 30/194 Loss: 1.1494348446528113
INFO: 2019-07-12 05:10:03.356470: Epoch: 71/150 Step: 60/194 Loss: 0.7401388605435689
INFO: 2019-07-12 05:11:34.269570: Epoch: 71/150 Step: 90/194 Loss: 0.7930887897809346
INFO: 2019-07-12 05:13:07.679584: Epoch: 71/150 Step: 120/194 Loss: 0.8380344887574515
INFO: 2019-07-12 05:14:31.759902: Epoch: 71/150 Step: 150/194 Loss: 0.7347454071044924
INFO: 2019-07-12 05:16:02.813225: Epoch: 71/150 Step: 180/194 Loss: 0.8171042422453562
INFO: 2019-07-12 05:18:08.411709: Epoch: 91 val loss : 0.987650560982087; val acc: 0.625
INFO: 2019-07-12 05:18:08.417118: Kappa :
 0.6460455060005188
INFO: 2019-07-12 05:18:08.421237: Epoch time: 660.36
INFO: 2019-07-12 05:19:46.696687: Epoch: 72/150 Step: 30/194 Loss: 1.1297517160574595
INFO: 2019-07-12 05:21:12.406767: Epoch: 72/150 Step: 60/194 Loss: 0.7212682396173475
INFO: 2019-07-12 05:22:44.310472: Epoch: 72/150 Step: 90/194 Loss: 0.8044183611869814
INFO: 2019-07-12 05:24:13.674772: Epoch: 72/150 Step: 120/194 Loss: 0.7845157076915105
INFO: 2019-07-12 05:25:42.912380: Epoch: 72/150 Step: 150/194 Loss: 0.7678615202506384
INFO: 2019-07-12 05:27:12.476834: Epoch: 72/150 Step: 180/194 Loss: 0.7754175355037053
INFO: 2019-07-12 05:29:14.667815: Epoch: 92 val loss : 1.032099087448681; val acc: 0.6084558963775635
INFO: 2019-07-12 05:29:14.671216: Kappa :
 0.6396390199661255
INFO: 2019-07-12 05:29:14.674531: Epoch time: 666.00
INFO: 2019-07-12 05:30:47.002602: Epoch: 73/150 Step: 30/194 Loss: 1.1415951708952587
INFO: 2019-07-12 05:32:19.094666: Epoch: 73/150 Step: 60/194 Loss: 0.7998631596565244
INFO: 2019-07-12 05:33:50.005590: Epoch: 73/150 Step: 90/194 Loss: 0.7388581911722819
INFO: 2019-07-12 05:35:18.733444: Epoch: 73/150 Step: 120/194 Loss: 0.8254679242769878
INFO: 2019-07-12 05:36:43.894099: Epoch: 73/150 Step: 150/194 Loss: 0.7532958070437115
INFO: 2019-07-12 05:38:17.332867: Epoch: 73/150 Step: 180/194 Loss: 0.7425714770952858
INFO: 2019-07-12 05:40:27.244223: Epoch: 93 val loss : 1.0210819752777325; val acc: 0.5790441036224365
INFO: 2019-07-12 05:40:27.249539: Kappa :
 0.6724341511726379
INFO: 2019-07-12 05:40:27.254723: Epoch time: 672.38
INFO: 2019-07-12 05:42:03.706371: Epoch: 74/150 Step: 30/194 Loss: 1.2054654181003572
INFO: 2019-07-12 05:43:31.532590: Epoch: 74/150 Step: 60/194 Loss: 0.8065065185228983
INFO: 2019-07-12 05:45:01.578774: Epoch: 74/150 Step: 90/194 Loss: 0.7900743375221889
INFO: 2019-07-12 05:46:28.801122: Epoch: 74/150 Step: 120/194 Loss: 0.7121396044890086
INFO: 2019-07-12 05:47:54.130226: Epoch: 74/150 Step: 150/194 Loss: 0.7571548600991564
INFO: 2019-07-12 05:49:23.087805: Epoch: 74/150 Step: 180/194 Loss: 0.8170853118101759
INFO: 2019-07-12 05:51:31.431347: Epoch: 94 val loss : 1.0728079983416725; val acc: 0.5772058963775635
INFO: 2019-07-12 05:51:31.436774: Kappa :
 0.6518875956535339
INFO: 2019-07-12 05:51:31.440914: Epoch time: 663.91
INFO: 2019-07-12 05:53:06.871887: Epoch: 75/150 Step: 30/194 Loss: 1.2524929404258731
INFO: 2019-07-12 05:54:33.877280: Epoch: 75/150 Step: 60/194 Loss: 0.7917789965867996
INFO: 2019-07-12 05:56:04.345610: Epoch: 75/150 Step: 90/194 Loss: 0.7677826205889388
INFO: 2019-07-12 05:57:33.777506: Epoch: 75/150 Step: 120/194 Loss: 0.7909770598014196
INFO: 2019-07-12 05:59:04.074055: Epoch: 75/150 Step: 150/194 Loss: 0.7787373503049217
INFO: 2019-07-12 06:00:32.591953: Epoch: 75/150 Step: 180/194 Loss: 0.7849549889564515
INFO: 2019-07-12 06:02:38.255415: Epoch: 95 val loss : 0.9680512714035371; val acc: 0.6011029481887817
INFO: 2019-07-12 06:02:38.264708: Kappa :
 0.6756524443626404
INFO: 2019-07-12 06:02:38.271443: Epoch time: 666.58
INFO: 2019-07-12 06:04:12.174614: Epoch: 76/150 Step: 30/194 Loss: 1.0922303676605223
INFO: 2019-07-12 06:05:38.801429: Epoch: 76/150 Step: 60/194 Loss: 0.786675129334132
INFO: 2019-07-12 06:07:09.262812: Epoch: 76/150 Step: 90/194 Loss: 0.7508016169071197
INFO: 2019-07-12 06:08:37.110490: Epoch: 76/150 Step: 120/194 Loss: 0.7037708312273026
INFO: 2019-07-12 06:10:08.098203: Epoch: 76/150 Step: 150/194 Loss: 0.7699366251627604
INFO: 2019-07-12 06:11:35.917338: Epoch: 76/150 Step: 180/194 Loss: 0.7305090665817262
INFO: 2019-07-12 06:13:42.053255: Epoch: 96 val loss : 0.9648737136055442; val acc: 0.6011029481887817
INFO: 2019-07-12 06:13:42.061795: Kappa :
 0.6610510945320129
INFO: 2019-07-12 06:13:42.068247: Epoch time: 663.59
INFO: 2019-07-12 06:15:16.240951: Epoch: 77/150 Step: 30/194 Loss: 1.099717789888382
INFO: 2019-07-12 06:16:42.876014: Epoch: 77/150 Step: 60/194 Loss: 0.7245540916919708
INFO: 2019-07-12 06:18:10.386445: Epoch: 77/150 Step: 90/194 Loss: 0.7558983266353606
INFO: 2019-07-12 06:19:38.389684: Epoch: 77/150 Step: 120/194 Loss: 0.7961101035277052
INFO: 2019-07-12 06:21:07.729738: Epoch: 77/150 Step: 150/194 Loss: 0.7479206273953121
INFO: 2019-07-12 06:22:36.593033: Epoch: 77/150 Step: 180/194 Loss: 0.7516895304123561
INFO: 2019-07-12 06:24:44.411431: Epoch: 97 val loss : 1.055453631807776; val acc: 0.5808823704719543
INFO: 2019-07-12 06:24:44.416259: Kappa :
 0.6224477887153625
INFO: 2019-07-12 06:24:44.421731: Epoch time: 662.13
INFO: 2019-07-12 06:26:19.311955: Epoch: 78/150 Step: 30/194 Loss: 1.1612702081600828
INFO: 2019-07-12 06:27:51.280569: Epoch: 78/150 Step: 60/194 Loss: 0.8020114968220393
INFO: 2019-07-12 06:29:19.554308: Epoch: 78/150 Step: 90/194 Loss: 0.791809861858686
INFO: 2019-07-12 06:30:48.925086: Epoch: 78/150 Step: 120/194 Loss: 0.8109409679969152
INFO: 2019-07-12 06:32:15.511363: Epoch: 78/150 Step: 150/194 Loss: 0.8007073760032654
INFO: 2019-07-12 06:33:39.562515: Epoch: 78/150 Step: 180/194 Loss: 0.7628752559423445
INFO: 2019-07-12 06:35:46.125674: Epoch: 98 val loss : 0.9636189183768105; val acc: 0.6636029481887817
INFO: 2019-07-12 06:35:46.130922: Kappa :
 0.6963753700256348
INFO: 2019-07-12 06:35:46.135834: Epoch time: 661.47
INFO: 2019-07-12 06:37:20.965999: Epoch: 79/150 Step: 30/194 Loss: 1.081704849998156
INFO: 2019-07-12 06:38:51.257917: Epoch: 79/150 Step: 60/194 Loss: 0.7772593299547831
INFO: 2019-07-12 06:40:19.484681: Epoch: 79/150 Step: 90/194 Loss: 0.7701555957396826
INFO: 2019-07-12 06:41:47.723923: Epoch: 79/150 Step: 120/194 Loss: 0.7712957123915355
INFO: 2019-07-12 06:43:15.057865: Epoch: 79/150 Step: 150/194 Loss: 0.738349528114001
INFO: 2019-07-12 06:44:48.389512: Epoch: 79/150 Step: 180/194 Loss: 0.7941609382629393
INFO: 2019-07-12 06:47:01.750375: Epoch: 99 val loss : 1.0791738944895126; val acc: 0.5698529481887817
INFO: 2019-07-12 06:47:01.754647: Kappa :
 0.6024961471557617
INFO: 2019-07-12 06:47:01.759649: Epoch time: 675.31
INFO: 2019-07-12 06:48:37.051773: Epoch: 80/150 Step: 30/194 Loss: 1.1356891810894012
INFO: 2019-07-12 06:50:06.896493: Epoch: 80/150 Step: 60/194 Loss: 0.8132864127556484
INFO: 2019-07-12 06:51:34.825148: Epoch: 80/150 Step: 90/194 Loss: 0.7395470708608627
INFO: 2019-07-12 06:53:04.152178: Epoch: 80/150 Step: 120/194 Loss: 0.7740052660306295
INFO: 2019-07-12 06:54:33.260752: Epoch: 80/150 Step: 150/194 Loss: 0.7344752103090285
INFO: 2019-07-12 06:55:58.713705: Epoch: 80/150 Step: 180/194 Loss: 0.7918233940998712
INFO: 2019-07-12 06:58:02.844148: Epoch: 100 val loss : 1.0092422033057493; val acc: 0.5992646813392639
INFO: 2019-07-12 06:58:02.850531: Kappa :
 0.6915979981422424
INFO: 2019-07-12 06:58:02.854499: Epoch time: 660.84
INFO: 2019-07-12 06:59:36.951587: Epoch: 81/150 Step: 30/194 Loss: 1.0953782091538111
INFO: 2019-07-12 07:01:08.694051: Epoch: 81/150 Step: 60/194 Loss: 0.7524686803420387
INFO: 2019-07-12 07:02:36.054490: Epoch: 81/150 Step: 90/194 Loss: 0.7775425771872202
INFO: 2019-07-12 07:04:03.523847: Epoch: 81/150 Step: 120/194 Loss: 0.8026498317718508
INFO: 2019-07-12 07:05:34.800020: Epoch: 81/150 Step: 150/194 Loss: 0.8137852271397908
INFO: 2019-07-12 07:07:03.491927: Epoch: 81/150 Step: 180/194 Loss: 0.825555431842804
